{"meta": {"format": 3, "version": "7.14.1", "timestamp": "2026-05-29T21:34:15.256716", "branch_coverage": false, "show_contexts": false}, "files": {"src/moment/__init__.py": {"executed_lines": [3], "summary": {"covered_lines": 1, "num_statements": 1, "percent_covered": 100.0, "percent_covered_display": "100", "missing_lines": 0, "excluded_lines": 0, "percent_statements_covered": 100.0, "percent_statements_covered_display": "100"}, "missing_lines": [], "excluded_lines": [], "functions": {"": {"executed_lines": [3], "summary": {"covered_lines": 1, "num_statements": 1, "percent_covered": 100.0, "percent_covered_display": "100", "missing_lines": 0, "excluded_lines": 0, "percent_statements_covered": 100.0, "percent_statements_covered_display": "100"}, "missing_lines": [], "excluded_lines": [], "start_line": 1}}, "classes": {"": {"executed_lines": [3], "summary": {"covered_lines": 1, "num_statements": 1, "percent_covered": 100.0, "percent_covered_display": "100", "missing_lines": 0, "excluded_lines": 0, "percent_statements_covered": 100.0, "percent_statements_covered_display": "100"}, "missing_lines": [], "excluded_lines": [], "start_line": 1}}}, "src/moment/__main__.py": {"executed_lines": [], "summary": {"covered_lines": 0, "num_statements": 3, "percent_covered": 0.0, "percent_covered_display": "0", "missing_lines": 3, "excluded_lines": 0, "percent_statements_covered": 0.0, "percent_statements_covered_display": "0"}, "missing_lines": [3, 5, 6], "excluded_lines": [], "functions": {"": {"executed_lines": [], "summary": {"covered_lines": 0, "num_statements": 3, "percent_covered": 0.0, "percent_covered_display": "0", "missing_lines": 3, "excluded_lines": 0, "percent_statements_covered": 0.0, "percent_statements_covered_display": "0"}, "missing_lines": [3, 5, 6], "excluded_lines": [], "start_line": 1}}, "classes": {"": {"executed_lines": [], "summary": {"covered_lines": 0, "num_statements": 3, "percent_covered": 0.0, "percent_covered_display": "0", "missing_lines": 3, "excluded_lines": 0, "percent_statements_covered": 0.0, "percent_statements_covered_display": "0"}, "missing_lines": [3, 5, 6], "excluded_lines": [], "start_line": 1}}}, "src/moment/bot/__init__.py": {"executed_lines": [], "summary": {"covered_lines": 0, "num_statements": 3, "percent_covered": 0.0, "percent_covered_display": "0", "missing_lines": 3, "excluded_lines": 0, "percent_statements_covered": 0.0, "percent_statements_covered_display": "0"}, "missing_lines": [13, 15, 17], "excluded_lines": [], "functions": {"": {"executed_lines": [], "summary": {"covered_lines": 0, "num_statements": 3, "percent_covered": 0.0, "percent_covered_display": "0", "missing_lines": 3, "excluded_lines": 0, "percent_statements_covered": 0.0, "percent_statements_covered_display": "0"}, "missing_lines": [13, 15, 17], "excluded_lines": [], "start_line": 1}}, "classes": {"": {"executed_lines": [], "summary": {"covered_lines": 0, "num_statements": 3, "percent_covered": 0.0, "percent_covered_display": "0", "missing_lines": 3, "excluded_lines": 0, "percent_statements_covered": 0.0, "percent_statements_covered_display": "0"}, "missing_lines": [13, 15, 17], "excluded_lines": [], "start_line": 1}}}, "src/moment/bot/main.py": {"executed_lines": [], "summary": {"covered_lines": 0, "num_statements": 50, "percent_covered": 0.0, "percent_covered_display": "0", "missing_lines": 50, "excluded_lines": 0, "percent_statements_covered": 0.0, "percent_statements_covered_display": "0"}, "missing_lines": [8, 10, 11, 12, 13, 14, 15, 17, 18, 19, 21, 24, 29, 30, 33, 35, 36, 42, 45, 46, 47, 50, 52, 53, 60, 62, 64, 66, 69, 70, 71, 74, 76, 78, 79, 80, 82, 83, 85, 86, 87, 88, 90, 91, 93, 94, 97, 98, 102, 107], "excluded_lines": [], "functions": {"run_bot": {"executed_lines": [], "summary": {"covered_lines": 0, "num_statements": 32, "percent_covered": 0.0, "percent_covered_display": "0", "missing_lines": 32, "excluded_lines": 0, "percent_statements_covered": 0.0, "percent_statements_covered_display": "0"}, "missing_lines": [29, 30, 33, 35, 36, 42, 45, 46, 47, 50, 52, 53, 60, 62, 64, 66, 69, 70, 71, 74, 76, 78, 82, 83, 85, 86, 87, 88, 90, 91, 93, 94], "excluded_lines": [], "start_line": 24}, "run_bot._on_signal": {"executed_lines": [], "summary": {"covered_lines": 0, "num_statements": 2, "percent_covered": 0.0, "percent_covered_display": "0", "missing_lines": 2, "excluded_lines": 0, "percent_statements_covered": 0.0, "percent_statements_covered_display": "0"}, "missing_lines": [79, 80], "excluded_lines": [], "start_line": 78}, "_build_parser": {"executed_lines": [], "summary": {"covered_lines": 0, "num_statements": 3, "percent_covered": 0.0, "percent_covered_display": "0", "missing_lines": 3, "excluded_lines": 0, "percent_statements_covered": 0.0, "percent_statements_covered_display": "0"}, "missing_lines": [98, 102, 107], "excluded_lines": [], "start_line": 97}, "": {"executed_lines": [], "summary": {"covered_lines": 0, "num_statements": 13, "percent_covered": 0.0, "percent_covered_display": "0", "missing_lines": 13, "excluded_lines": 0, "percent_statements_covered": 0.0, "percent_statements_covered_display": "0"}, "missing_lines": [8, 10, 11, 12, 13, 14, 15, 17, 18, 19, 21, 24, 97], "excluded_lines": [], "start_line": 1}}, "classes": {"": {"executed_lines": [], "summary": {"covered_lines": 0, "num_statements": 50, "percent_covered": 0.0, "percent_covered_display": "0", "missing_lines": 50, "excluded_lines": 0, "percent_statements_covered": 0.0, "percent_statements_covered_display": "0"}, "missing_lines": [8, 10, 11, 12, 13, 14, 15, 17, 18, 19, 21, 24, 29, 30, 33, 35, 36, 42, 45, 46, 47, 50, 52, 53, 60, 62, 64, 66, 69, 70, 71, 74, 76, 78, 79, 80, 82, 83, 85, 86, 87, 88, 90, 91, 93, 94, 97, 98, 102, 107], "excluded_lines": [], "start_line": 1}}}, "src/moment/core/__init__.py": {"executed_lines": [], "summary": {"covered_lines": 0, "num_statements": 0, "percent_covered": 100.0, "percent_covered_display": "100", "missing_lines": 0, "excluded_lines": 0, "percent_statements_covered": 100.0, "percent_statements_covered_display": "100"}, "missing_lines": [], "excluded_lines": [], "functions": {"": {"executed_lines": [], "summary": {"covered_lines": 0, "num_statements": 0, "percent_covered": 100.0, "percent_covered_display": "100", "missing_lines": 0, "excluded_lines": 0, "percent_statements_covered": 100.0, "percent_statements_covered_display": "100"}, "missing_lines": [], "excluded_lines": [], "start_line": 1}}, "classes": {"": {"executed_lines": [], "summary": {"covered_lines": 0, "num_statements": 0, "percent_covered": 100.0, "percent_covered_display": "100", "missing_lines": 0, "excluded_lines": 0, "percent_statements_covered": 100.0, "percent_statements_covered_display": "100"}, "missing_lines": [], "excluded_lines": [], "start_line": 1}}}, "src/moment/core/bookmarker.py": {"executed_lines": [7, 9, 10, 11, 13, 14, 16, 19, 26, 37, 38, 39, 45, 55, 56, 58, 75, 76, 77, 78, 80, 86, 87, 89, 90, 91, 92, 93, 95, 97, 106, 107, 108, 109, 111, 113, 115, 116, 118], "summary": {"covered_lines": 39, "num_statements": 39, "percent_covered": 100.0, "percent_covered_display": "100", "missing_lines": 0, "excluded_lines": 0, "percent_statements_covered": 100.0, "percent_statements_covered_display": "100"}, "missing_lines": [], "excluded_lines": [], "functions": {"Bookmarker.__init__": {"executed_lines": [37, 38, 39], "summary": {"covered_lines": 3, "num_statements": 3, "percent_covered": 100.0, "percent_covered_display": "100", "missing_lines": 0, "excluded_lines": 0, "percent_statements_covered": 100.0, "percent_statements_covered_display": "100"}, "missing_lines": [], "excluded_lines": [], "start_line": 26}, "Bookmarker.set_session": {"executed_lines": [55, 56], "summary": {"covered_lines": 2, "num_statements": 2, "percent_covered": 100.0, "percent_covered_display": "100", "missing_lines": 0, "excluded_lines": 0, "percent_statements_covered": 100.0, "percent_statements_covered_display": "100"}, "missing_lines": [], "excluded_lines": [], "start_line": 45}, "Bookmarker.create_bookmark": {"executed_lines": [75, 76, 77, 78, 80, 86, 87, 89, 90, 91, 92, 93, 95], "summary": {"covered_lines": 13, "num_statements": 13, "percent_covered": 100.0, "percent_covered_display": "100", "missing_lines": 0, "excluded_lines": 0, "percent_statements_covered": 100.0, "percent_statements_covered_display": "100"}, "missing_lines": [], "excluded_lines": [], "start_line": 58}, "Bookmarker.get_bookmarks": {"executed_lines": [106, 107, 108, 109], "summary": {"covered_lines": 4, "num_statements": 4, "percent_covered": 100.0, "percent_covered_display": "100", "missing_lines": 0, "excluded_lines": 0, "percent_statements_covered": 100.0, "percent_statements_covered_display": "100"}, "missing_lines": [], "excluded_lines": [], "start_line": 97}, "Bookmarker.delete_bookmark": {"executed_lines": [113], "summary": {"covered_lines": 1, "num_statements": 1, "percent_covered": 100.0, "percent_covered_display": "100", "missing_lines": 0, "excluded_lines": 0, "percent_statements_covered": 100.0, "percent_statements_covered_display": "100"}, "missing_lines": [], "excluded_lines": [], "start_line": 111}, "Bookmarker.current_session": {"executed_lines": [118], "summary": {"covered_lines": 1, "num_statements": 1, "percent_covered": 100.0, "percent_covered_display": "100", "missing_lines": 0, "excluded_lines": 0, "percent_statements_covered": 100.0, "percent_statements_covered_display": "100"}, "missing_lines": [], "excluded_lines": [], "start_line": 116}, "": {"executed_lines": [7, 9, 10, 11, 13, 14, 16, 19, 26, 45, 58, 97, 111, 115, 116], "summary": {"covered_lines": 15, "num_statements": 15, "percent_covered": 100.0, "percent_covered_display": "100", "missing_lines": 0, "excluded_lines": 0, "percent_statements_covered": 100.0, "percent_statements_covered_display": "100"}, "missing_lines": [], "excluded_lines": [], "start_line": 1}}, "classes": {"Bookmarker": {"executed_lines": [37, 38, 39, 55, 56, 75, 76, 77, 78, 80, 86, 87, 89, 90, 91, 92, 93, 95, 106, 107, 108, 109, 113, 118], "summary": {"covered_lines": 24, "num_statements": 24, "percent_covered": 100.0, "percent_covered_display": "100", "missing_lines": 0, "excluded_lines": 0, "percent_statements_covered": 100.0, "percent_statements_covered_display": "100"}, "missing_lines": [], "excluded_lines": [], "start_line": 19}, "": {"executed_lines": [7, 9, 10, 11, 13, 14, 16, 19, 26, 45, 58, 97, 111, 115, 116], "summary": {"covered_lines": 15, "num_statements": 15, "percent_covered": 100.0, "percent_covered_display": "100", "missing_lines": 0, "excluded_lines": 0, "percent_statements_covered": 100.0, "percent_statements_covered_display": "100"}, "missing_lines": [], "excluded_lines": [], "start_line": 1}}}, "src/moment/core/config.py": {"executed_lines": [6, 8, 9, 10, 11, 12, 13, 15, 17, 18, 19, 22, 36, 51, 63, 64, 65, 67, 68, 69, 75, 76, 78, 80, 81, 82, 83, 84, 90, 100, 101, 102, 103, 104, 105, 106, 110, 112, 114, 115, 116, 117, 121, 123, 125, 127, 128, 129, 130, 131, 132, 133, 136, 138, 140, 142, 143, 144, 145, 147, 153, 165, 166, 167, 169, 171, 180, 189, 202, 206, 215, 216, 224, 239, 247, 248, 254, 255, 256, 257, 258, 259, 260, 265, 266, 272, 273, 274, 280, 282, 283, 285, 292, 293], "summary": {"covered_lines": 94, "num_statements": 123, "percent_covered": 76.42276422764228, "percent_covered_display": "76", "missing_lines": 29, "excluded_lines": 0, "percent_statements_covered": 76.42276422764228, "percent_statements_covered_display": "76"}, "missing_lines": [107, 108, 134, 135, 168, 178, 182, 183, 200, 204, 208, 209, 218, 234, 235, 236, 237, 241, 243, 244, 245, 261, 262, 263, 275, 276, 277, 278, 279], "excluded_lines": [], "functions": {"Config.__init__": {"executed_lines": [64, 65, 67, 68, 69, 75, 76, 78], "summary": {"covered_lines": 8, "num_statements": 8, "percent_covered": 100.0, "percent_covered_display": "100", "missing_lines": 0, "excluded_lines": 0, "percent_statements_covered": 100.0, "percent_statements_covered_display": "100"}, "missing_lines": [], "excluded_lines": [], "start_line": 63}, "Config._connect": {"executed_lines": [81, 82, 83, 84], "summary": {"covered_lines": 4, "num_statements": 4, "percent_covered": 100.0, "percent_covered_display": "100", "missing_lines": 0, "excluded_lines": 0, "percent_statements_covered": 100.0, "percent_statements_covered_display": "100"}, "missing_lines": [], "excluded_lines": [], "start_line": 80}, "Config.get": {"executed_lines": [100, 101, 102, 103, 104, 105, 106, 110], "summary": {"covered_lines": 8, "num_statements": 10, "percent_covered": 80.0, "percent_covered_display": "80", "missing_lines": 2, "excluded_lines": 0, "percent_statements_covered": 80.0, "percent_statements_covered_display": "80"}, "missing_lines": [107, 108], "excluded_lines": [], "start_line": 90}, "Config.set": {"executed_lines": [114, 115, 116, 117, 121, 123], "summary": {"covered_lines": 6, "num_statements": 6, "percent_covered": 100.0, "percent_covered_display": "100", "missing_lines": 0, "excluded_lines": 0, "percent_statements_covered": 100.0, "percent_statements_covered_display": "100"}, "missing_lines": [], "excluded_lines": [], "start_line": 112}, "Config.get_all": {"executed_lines": [127, 128, 129, 130, 131, 132, 133, 136, 138], "summary": {"covered_lines": 9, "num_statements": 11, "percent_covered": 81.81818181818181, "percent_covered_display": "82", "missing_lines": 2, "excluded_lines": 0, "percent_statements_covered": 81.81818181818181, "percent_statements_covered_display": "82"}, "missing_lines": [134, 135], "excluded_lines": [], "start_line": 125}, "Config.delete": {"executed_lines": [142, 143, 144, 145, 147], "summary": {"covered_lines": 5, "num_statements": 5, "percent_covered": 100.0, "percent_covered_display": "100", "missing_lines": 0, "excluded_lines": 0, "percent_statements_covered": 100.0, "percent_statements_covered_display": "100"}, "missing_lines": [], "excluded_lines": [], "start_line": 140}, "Config.get_path": {"executed_lines": [165, 166, 167, 169], "summary": {"covered_lines": 4, "num_statements": 5, "percent_covered": 80.0, "percent_covered_display": "80", "missing_lines": 1, "excluded_lines": 0, "percent_statements_covered": 80.0, "percent_statements_covered_display": "80"}, "missing_lines": [168], "excluded_lines": [], "start_line": 153}, "Config.set_path": {"executed_lines": [], "summary": {"covered_lines": 0, "num_statements": 1, "percent_covered": 0.0, "percent_covered_display": "0", "missing_lines": 1, "excluded_lines": 0, "percent_statements_covered": 0.0, "percent_statements_covered_display": "0"}, "missing_lines": [178], "excluded_lines": [], "start_line": 171}, "Config.reset_paths": {"executed_lines": [], "summary": {"covered_lines": 0, "num_statements": 2, "percent_covered": 0.0, "percent_covered_display": "0", "missing_lines": 2, "excluded_lines": 0, "percent_statements_covered": 0.0, "percent_statements_covered_display": "0"}, "missing_lines": [182, 183], "excluded_lines": [], "start_line": 180}, "Config.get_gsr_setting": {"executed_lines": [], "summary": {"covered_lines": 0, "num_statements": 1, "percent_covered": 0.0, "percent_covered_display": "0", "missing_lines": 1, "excluded_lines": 0, "percent_statements_covered": 0.0, "percent_statements_covered_display": "0"}, "missing_lines": [200], "excluded_lines": [], "start_line": 189}, "Config.set_gsr_setting": {"executed_lines": [], "summary": {"covered_lines": 0, "num_statements": 1, "percent_covered": 0.0, "percent_covered_display": "0", "missing_lines": 1, "excluded_lines": 0, "percent_statements_covered": 0.0, "percent_statements_covered_display": "0"}, "missing_lines": [204], "excluded_lines": [], "start_line": 202}, "Config.get_hotkey": {"executed_lines": [], "summary": {"covered_lines": 0, "num_statements": 2, "percent_covered": 0.0, "percent_covered_display": "0", "missing_lines": 2, "excluded_lines": 0, "percent_statements_covered": 0.0, "percent_statements_covered_display": "0"}, "missing_lines": [208, 209], "excluded_lines": [], "start_line": 206}, "Config.replay_enabled": {"executed_lines": [], "summary": {"covered_lines": 0, "num_statements": 1, "percent_covered": 0.0, "percent_covered_display": "0", "missing_lines": 1, "excluded_lines": 0, "percent_statements_covered": 0.0, "percent_statements_covered_display": "0"}, "missing_lines": [218], "excluded_lines": [], "start_line": 216}, "Config.get_preferred_codec": {"executed_lines": [], "summary": {"covered_lines": 0, "num_statements": 4, "percent_covered": 0.0, "percent_covered_display": "0", "missing_lines": 4, "excluded_lines": 0, "percent_statements_covered": 0.0, "percent_statements_covered_display": "0"}, "missing_lines": [234, 235, 236, 237], "excluded_lines": [], "start_line": 224}, "Config.set_preferred_codec": {"executed_lines": [], "summary": {"covered_lines": 0, "num_statements": 4, "percent_covered": 0.0, "percent_covered_display": "0", "missing_lines": 4, "excluded_lines": 0, "percent_statements_covered": 0.0, "percent_statements_covered_display": "0"}, "missing_lines": [241, 243, 244, 245], "excluded_lines": [], "start_line": 239}, "Config.enable_autostart": {"executed_lines": [254, 255, 256, 257, 258, 259, 260], "summary": {"covered_lines": 7, "num_statements": 10, "percent_covered": 70.0, "percent_covered_display": "70", "missing_lines": 3, "excluded_lines": 0, "percent_statements_covered": 70.0, "percent_statements_covered_display": "70"}, "missing_lines": [261, 262, 263], "excluded_lines": [], "start_line": 248}, "Config.disable_autostart": {"executed_lines": [272, 273, 274, 280], "summary": {"covered_lines": 4, "num_statements": 9, "percent_covered": 44.44444444444444, "percent_covered_display": "44", "missing_lines": 5, "excluded_lines": 0, "percent_statements_covered": 44.44444444444444, "percent_statements_covered_display": "44"}, "missing_lines": [275, 276, 277, 278, 279], "excluded_lines": [], "start_line": 266}, "Config.is_autostart_enabled": {"executed_lines": [285], "summary": {"covered_lines": 1, "num_statements": 1, "percent_covered": 100.0, "percent_covered_display": "100", "missing_lines": 0, "excluded_lines": 0, "percent_statements_covered": 100.0, "percent_statements_covered_display": "100"}, "missing_lines": [], "excluded_lines": [], "start_line": 283}, "_autostart_desktop_content": {"executed_lines": [293], "summary": {"covered_lines": 1, "num_statements": 1, "percent_covered": 100.0, "percent_covered_display": "100", "missing_lines": 0, "excluded_lines": 0, "percent_statements_covered": 100.0, "percent_statements_covered_display": "100"}, "missing_lines": [], "excluded_lines": [], "start_line": 292}, "": {"executed_lines": [6, 8, 9, 10, 11, 12, 13, 15, 17, 18, 19, 22, 36, 51, 63, 80, 90, 112, 125, 140, 153, 171, 180, 189, 202, 206, 215, 216, 224, 239, 247, 248, 265, 266, 282, 283, 292], "summary": {"covered_lines": 37, "num_statements": 37, "percent_covered": 100.0, "percent_covered_display": "100", "missing_lines": 0, "excluded_lines": 0, "percent_statements_covered": 100.0, "percent_statements_covered_display": "100"}, "missing_lines": [], "excluded_lines": [], "start_line": 1}}, "classes": {"Config": {"executed_lines": [64, 65, 67, 68, 69, 75, 76, 78, 81, 82, 83, 84, 100, 101, 102, 103, 104, 105, 106, 110, 114, 115, 116, 117, 121, 123, 127, 128, 129, 130, 131, 132, 133, 136, 138, 142, 143, 144, 145, 147, 165, 166, 167, 169, 254, 255, 256, 257, 258, 259, 260, 272, 273, 274, 280, 285], "summary": {"covered_lines": 56, "num_statements": 85, "percent_covered": 65.88235294117646, "percent_covered_display": "66", "missing_lines": 29, "excluded_lines": 0, "percent_statements_covered": 65.88235294117646, "percent_statements_covered_display": "66"}, "missing_lines": [107, 108, 134, 135, 168, 178, 182, 183, 200, 204, 208, 209, 218, 234, 235, 236, 237, 241, 243, 244, 245, 261, 262, 263, 275, 276, 277, 278, 279], "excluded_lines": [], "start_line": 51}, "": {"executed_lines": [6, 8, 9, 10, 11, 12, 13, 15, 17, 18, 19, 22, 36, 51, 63, 80, 90, 112, 125, 140, 153, 171, 180, 189, 202, 206, 215, 216, 224, 239, 247, 248, 265, 266, 282, 283, 292, 293], "summary": {"covered_lines": 38, "num_statements": 38, "percent_covered": 100.0, "percent_covered_display": "100", "missing_lines": 0, "excluded_lines": 0, "percent_statements_covered": 100.0, "percent_statements_covered_display": "100"}, "missing_lines": [], "excluded_lines": [], "start_line": 1}}}, "src/moment/core/corruption.py": {"executed_lines": [7, 9, 10, 11, 12, 13, 14, 16, 17, 18, 23, 25, 26, 27, 29, 32, 33, 36, 42, 44, 45, 47, 48, 49, 50, 53, 59, 73, 74, 75, 76, 77, 78, 79, 80, 86, 88, 90, 91, 94, 96, 97, 101, 103, 105, 106, 107, 108, 122, 125, 128, 129, 130, 135, 136, 137, 138, 141, 142, 144, 146, 147, 148, 154, 161, 169, 171, 172, 173, 174, 175, 176, 180, 181, 187, 189, 191, 192, 193, 194, 195, 196, 197, 198, 199, 201, 202, 203, 204, 205, 208, 209, 212, 214, 216, 217, 218, 219, 220, 225, 227, 229, 230, 231, 232, 233, 235, 236, 238, 239, 247], "summary": {"covered_lines": 111, "num_statements": 154, "percent_covered": 72.07792207792208, "percent_covered_display": "72", "missing_lines": 43, "excluded_lines": 2, "percent_statements_covered": 72.07792207792208, "percent_statements_covered_display": "72"}, "missing_lines": [39, 46, 89, 92, 98, 99, 110, 111, 112, 113, 114, 116, 117, 118, 120, 131, 132, 140, 155, 156, 157, 158, 159, 162, 163, 164, 165, 167, 185, 186, 200, 206, 207, 210, 211, 221, 222, 223, 224, 244, 245, 248, 249], "excluded_lines": [20, 21], "functions": {"_get_config": {"executed_lines": [33], "summary": {"covered_lines": 1, "num_statements": 1, "percent_covered": 100.0, "percent_covered_display": "100", "missing_lines": 0, "excluded_lines": 0, "percent_statements_covered": 100.0, "percent_statements_covered_display": "100"}, "missing_lines": [], "excluded_lines": [], "start_line": 32}, "set_corruption_config": {"executed_lines": [], "summary": {"covered_lines": 0, "num_statements": 1, "percent_covered": 0.0, "percent_covered_display": "0", "missing_lines": 1, "excluded_lines": 0, "percent_statements_covered": 0.0, "percent_statements_covered_display": "0"}, "missing_lines": [39], "excluded_lines": [], "start_line": 36}, "get_temp_dir": {"executed_lines": [44, 45, 47], "summary": {"covered_lines": 3, "num_statements": 4, "percent_covered": 75.0, "percent_covered_display": "75", "missing_lines": 1, "excluded_lines": 0, "percent_statements_covered": 75.0, "percent_statements_covered_display": "75"}, "missing_lines": [46], "excluded_lines": [], "start_line": 42}, "CorruptionDetector.__init__": {"executed_lines": [73, 74, 75, 76, 77, 78, 79, 80], "summary": {"covered_lines": 8, "num_statements": 8, "percent_covered": 100.0, "percent_covered_display": "100", "missing_lines": 0, "excluded_lines": 0, "percent_statements_covered": 100.0, "percent_statements_covered_display": "100"}, "missing_lines": [], "excluded_lines": [], "start_line": 59}, "CorruptionDetector.start": {"executed_lines": [88, 90, 91], "summary": {"covered_lines": 3, "num_statements": 5, "percent_covered": 60.0, "percent_covered_display": "60", "missing_lines": 2, "excluded_lines": 0, "percent_statements_covered": 60.0, "percent_statements_covered_display": "60"}, "missing_lines": [89, 92], "excluded_lines": [], "start_line": 86}, "CorruptionDetector.stop": {"executed_lines": [96, 97], "summary": {"covered_lines": 2, "num_statements": 4, "percent_covered": 50.0, "percent_covered_display": "50", "missing_lines": 2, "excluded_lines": 0, "percent_statements_covered": 50.0, "percent_statements_covered_display": "50"}, "missing_lines": [98, 99], "excluded_lines": [], "start_line": 94}, "CorruptionDetector.check": {"executed_lines": [103, 105, 106, 107, 108], "summary": {"covered_lines": 5, "num_statements": 14, "percent_covered": 35.714285714285715, "percent_covered_display": "36", "missing_lines": 9, "excluded_lines": 0, "percent_statements_covered": 35.714285714285715, "percent_statements_covered_display": "36"}, "missing_lines": [110, 111, 112, 113, 114, 116, 117, 118, 120], "excluded_lines": [], "start_line": 101}, "CorruptionDetector.check_clip": {"executed_lines": [125, 128, 129, 130, 135, 136, 137, 138, 141, 142, 144], "summary": {"covered_lines": 11, "num_statements": 14, "percent_covered": 78.57142857142857, "percent_covered_display": "79", "missing_lines": 3, "excluded_lines": 0, "percent_statements_covered": 78.57142857142857, "percent_statements_covered_display": "79"}, "missing_lines": [131, 132, 140], "excluded_lines": [], "start_line": 122}, "CorruptionDetector.is_running": {"executed_lines": [148], "summary": {"covered_lines": 1, "num_statements": 1, "percent_covered": 100.0, "percent_covered_display": "100", "missing_lines": 0, "excluded_lines": 0, "percent_statements_covered": 100.0, "percent_statements_covered_display": "100"}, "missing_lines": [], "excluded_lines": [], "start_line": 147}, "CorruptionDetector._schedule": {"executed_lines": [], "summary": {"covered_lines": 0, "num_statements": 5, "percent_covered": 0.0, "percent_covered_display": "0", "missing_lines": 5, "excluded_lines": 0, "percent_statements_covered": 0.0, "percent_statements_covered_display": "0"}, "missing_lines": [155, 156, 157, 158, 159], "excluded_lines": [], "start_line": 154}, "CorruptionDetector._on_tick": {"executed_lines": [], "summary": {"covered_lines": 0, "num_statements": 5, "percent_covered": 0.0, "percent_covered_display": "0", "missing_lines": 5, "excluded_lines": 0, "percent_statements_covered": 0.0, "percent_statements_covered_display": "0"}, "missing_lines": [162, 163, 164, 165, 167], "excluded_lines": [], "start_line": 161}, "CorruptionDetector._check_disk_space": {"executed_lines": [171, 172, 173, 174, 175, 176, 180, 181, 187], "summary": {"covered_lines": 9, "num_statements": 11, "percent_covered": 81.81818181818181, "percent_covered_display": "82", "missing_lines": 2, "excluded_lines": 0, "percent_statements_covered": 81.81818181818181, "percent_statements_covered_display": "82"}, "missing_lines": [185, 186], "excluded_lines": [], "start_line": 169}, "CorruptionDetector._check_temp_files": {"executed_lines": [191, 192, 193, 194, 195, 196, 197, 198, 199, 201, 202, 203, 204, 205, 208, 209, 212], "summary": {"covered_lines": 17, "num_statements": 22, "percent_covered": 77.27272727272727, "percent_covered_display": "77", "missing_lines": 5, "excluded_lines": 0, "percent_statements_covered": 77.27272727272727, "percent_statements_covered_display": "77"}, "missing_lines": [200, 206, 207, 210, 211], "excluded_lines": [], "start_line": 189}, "CorruptionDetector._check_db_integrity": {"executed_lines": [216, 217, 218, 219, 220, 225], "summary": {"covered_lines": 6, "num_statements": 10, "percent_covered": 60.0, "percent_covered_display": "60", "missing_lines": 4, "excluded_lines": 0, "percent_statements_covered": 60.0, "percent_statements_covered_display": "60"}, "missing_lines": [221, 222, 223, 224], "excluded_lines": [], "start_line": 214}, "CorruptionDetector._check_pipeline_stuck": {"executed_lines": [229, 230, 231, 232, 233, 235, 236, 238, 239, 247], "summary": {"covered_lines": 10, "num_statements": 14, "percent_covered": 71.42857142857143, "percent_covered_display": "71", "missing_lines": 4, "excluded_lines": 0, "percent_statements_covered": 71.42857142857143, "percent_statements_covered_display": "71"}, "missing_lines": [244, 245, 248, 249], "excluded_lines": [], "start_line": 227}, "": {"executed_lines": [7, 9, 10, 11, 12, 13, 14, 16, 17, 18, 23, 25, 26, 27, 29, 32, 36, 42, 48, 49, 50, 53, 59, 86, 94, 101, 122, 146, 147, 154, 161, 169, 189, 214, 227], "summary": {"covered_lines": 35, "num_statements": 35, "percent_covered": 100.0, "percent_covered_display": "100", "missing_lines": 0, "excluded_lines": 2, "percent_statements_covered": 100.0, "percent_statements_covered_display": "100"}, "missing_lines": [], "excluded_lines": [20, 21], "start_line": 1}}, "classes": {"CorruptionDetector": {"executed_lines": [73, 74, 75, 76, 77, 78, 79, 80, 88, 90, 91, 96, 97, 103, 105, 106, 107, 108, 125, 128, 129, 130, 135, 136, 137, 138, 141, 142, 144, 148, 171, 172, 173, 174, 175, 176, 180, 181, 187, 191, 192, 193, 194, 195, 196, 197, 198, 199, 201, 202, 203, 204, 205, 208, 209, 212, 216, 217, 218, 219, 220, 225, 229, 230, 231, 232, 233, 235, 236, 238, 239, 247], "summary": {"covered_lines": 72, "num_statements": 113, "percent_covered": 63.716814159292035, "percent_covered_display": "64", "missing_lines": 41, "excluded_lines": 0, "percent_statements_covered": 63.716814159292035, "percent_statements_covered_display": "64"}, "missing_lines": [89, 92, 98, 99, 110, 111, 112, 113, 114, 116, 117, 118, 120, 131, 132, 140, 155, 156, 157, 158, 159, 162, 163, 164, 165, 167, 185, 186, 200, 206, 207, 210, 211, 221, 222, 223, 224, 244, 245, 248, 249], "excluded_lines": [], "start_line": 53}, "": {"executed_lines": [7, 9, 10, 11, 12, 13, 14, 16, 17, 18, 23, 25, 26, 27, 29, 32, 33, 36, 42, 44, 45, 47, 48, 49, 50, 53, 59, 86, 94, 101, 122, 146, 147, 154, 161, 169, 189, 214, 227], "summary": {"covered_lines": 39, "num_statements": 41, "percent_covered": 95.1219512195122, "percent_covered_display": "95", "missing_lines": 2, "excluded_lines": 2, "percent_statements_covered": 95.1219512195122, "percent_statements_covered_display": "95"}, "missing_lines": [39, 46], "excluded_lines": [20, 21], "start_line": 1}}}, "src/moment/core/discord_bot.py": {"executed_lines": [12, 14, 15, 16, 17, 18, 20, 21, 22, 24, 30, 31, 35, 36, 37, 41, 42, 43, 44, 46, 54, 90, 91, 101, 102, 103, 106, 107, 108, 109, 110, 118, 299, 300, 301, 302, 303, 305, 306, 314, 321, 322, 323, 324, 325, 326, 327, 328, 336, 337, 339, 341, 342, 344, 346, 347, 349, 351, 356, 357, 358, 359, 360, 361, 363, 364, 372, 373, 379, 380, 382, 387, 388, 405, 407, 408, 409, 425, 437, 438, 439, 441, 445, 446, 448, 454, 457, 460, 462, 465, 471, 472, 473, 474, 475, 481], "summary": {"covered_lines": 96, "num_statements": 240, "percent_covered": 40.0, "percent_covered_display": "40", "missing_lines": 144, "excluded_lines": 0, "percent_statements_covered": 40.0, "percent_statements_covered_display": "40"}, "missing_lines": [32, 34, 65, 66, 67, 68, 70, 71, 73, 74, 75, 76, 77, 78, 79, 80, 81, 82, 111, 120, 123, 126, 127, 128, 129, 131, 133, 134, 135, 136, 138, 140, 145, 146, 147, 148, 149, 153, 154, 155, 157, 158, 159, 160, 163, 165, 166, 167, 168, 169, 170, 174, 176, 182, 183, 185, 186, 187, 189, 197, 198, 199, 201, 203, 209, 210, 215, 222, 223, 224, 227, 229, 230, 231, 232, 237, 239, 245, 246, 247, 251, 252, 254, 255, 256, 257, 258, 260, 261, 264, 266, 267, 269, 275, 276, 281, 282, 283, 284, 285, 290, 291, 292, 293, 294, 295, 365, 370, 390, 391, 392, 393, 394, 396, 397, 398, 399, 400, 401, 402, 403, 411, 412, 415, 416, 417, 419, 442, 443, 461, 463, 483, 484, 486, 487, 488, 489, 490, 491, 492, 494, 495, 496, 497], "excluded_lines": [], "functions": {"_get_discord_token": {"executed_lines": [], "summary": {"covered_lines": 0, "num_statements": 16, "percent_covered": 0.0, "percent_covered_display": "0", "missing_lines": 16, "excluded_lines": 0, "percent_statements_covered": 0.0, "percent_statements_covered_display": "0"}, "missing_lines": [65, 66, 67, 68, 70, 71, 73, 74, 75, 76, 77, 78, 79, 80, 81, 82], "excluded_lines": [], "start_line": 54}, "_status_emoji": {"executed_lines": [91], "summary": {"covered_lines": 1, "num_statements": 1, "percent_covered": 100.0, "percent_covered_display": "100", "missing_lines": 0, "excluded_lines": 0, "percent_statements_covered": 100.0, "percent_statements_covered_display": "100"}, "missing_lines": [], "excluded_lines": [], "start_line": 90}, "_fmt_duration": {"executed_lines": [102, 103], "summary": {"covered_lines": 2, "num_statements": 2, "percent_covered": 100.0, "percent_covered_display": "100", "missing_lines": 0, "excluded_lines": 0, "percent_statements_covered": 100.0, "percent_statements_covered_display": "100"}, "missing_lines": [], "excluded_lines": [], "start_line": 101}, "_fmt_size": {"executed_lines": [107, 108, 109, 110], "summary": {"covered_lines": 4, "num_statements": 5, "percent_covered": 80.0, "percent_covered_display": "80", "missing_lines": 1, "excluded_lines": 0, "percent_statements_covered": 80.0, "percent_statements_covered_display": "80"}, "missing_lines": [111], "excluded_lines": [], "start_line": 106}, "_ClipBotClient.__init__": {"executed_lines": [], "summary": {"covered_lines": 0, "num_statements": 4, "percent_covered": 0.0, "percent_covered_display": "0", "missing_lines": 4, "excluded_lines": 0, "percent_statements_covered": 0.0, "percent_statements_covered_display": "0"}, "missing_lines": [126, 127, 128, 129], "excluded_lines": [], "start_line": 123}, "_ClipBotClient.setup_hook": {"executed_lines": [], "summary": {"covered_lines": 0, "num_statements": 4, "percent_covered": 0.0, "percent_covered_display": "0", "missing_lines": 4, "excluded_lines": 0, "percent_statements_covered": 0.0, "percent_statements_covered_display": "0"}, "missing_lines": [133, 134, 135, 136], "excluded_lines": [], "start_line": 131}, "_ClipBotClient.on_ready": {"executed_lines": [], "summary": {"covered_lines": 0, "num_statements": 6, "percent_covered": 0.0, "percent_covered_display": "0", "missing_lines": 6, "excluded_lines": 0, "percent_statements_covered": 0.0, "percent_statements_covered_display": "0"}, "missing_lines": [140, 145, 146, 147, 148, 149], "excluded_lines": [], "start_line": 138}, "_recent_command": {"executed_lines": [], "summary": {"covered_lines": 0, "num_statements": 2, "percent_covered": 0.0, "percent_covered_display": "0", "missing_lines": 2, "excluded_lines": 0, "percent_statements_covered": 0.0, "percent_statements_covered_display": "0"}, "missing_lines": [155, 176], "excluded_lines": [], "start_line": 153}, "_recent_command.recent": {"executed_lines": [], "summary": {"covered_lines": 0, "num_statements": 12, "percent_covered": 0.0, "percent_covered_display": "0", "missing_lines": 12, "excluded_lines": 0, "percent_statements_covered": 0.0, "percent_statements_covered_display": "0"}, "missing_lines": [157, 158, 159, 160, 163, 165, 166, 167, 168, 169, 170, 174], "excluded_lines": [], "start_line": 155}, "_stats_command": {"executed_lines": [], "summary": {"covered_lines": 0, "num_statements": 2, "percent_covered": 0.0, "percent_covered_display": "0", "missing_lines": 2, "excluded_lines": 0, "percent_statements_covered": 0.0, "percent_statements_covered_display": "0"}, "missing_lines": [183, 203], "excluded_lines": [], "start_line": 182}, "_stats_command.stats": {"executed_lines": [], "summary": {"covered_lines": 0, "num_statements": 8, "percent_covered": 0.0, "percent_covered_display": "0", "missing_lines": 8, "excluded_lines": 0, "percent_statements_covered": 0.0, "percent_statements_covered_display": "0"}, "missing_lines": [185, 186, 187, 189, 197, 198, 199, 201], "excluded_lines": [], "start_line": 183}, "_search_command": {"executed_lines": [], "summary": {"covered_lines": 0, "num_statements": 2, "percent_covered": 0.0, "percent_covered_display": "0", "missing_lines": 2, "excluded_lines": 0, "percent_statements_covered": 0.0, "percent_statements_covered_display": "0"}, "missing_lines": [215, 239], "excluded_lines": [], "start_line": 209}, "_search_command.search": {"executed_lines": [], "summary": {"covered_lines": 0, "num_statements": 9, "percent_covered": 0.0, "percent_covered_display": "0", "missing_lines": 9, "excluded_lines": 0, "percent_statements_covered": 0.0, "percent_statements_covered_display": "0"}, "missing_lines": [222, 223, 224, 227, 229, 230, 231, 232, 237], "excluded_lines": [], "start_line": 215}, "_clip_command": {"executed_lines": [], "summary": {"covered_lines": 0, "num_statements": 2, "percent_covered": 0.0, "percent_covered_display": "0", "missing_lines": 2, "excluded_lines": 0, "percent_statements_covered": 0.0, "percent_statements_covered_display": "0"}, "missing_lines": [247, 269], "excluded_lines": [], "start_line": 245}, "_clip_command.clip_detail": {"executed_lines": [], "summary": {"covered_lines": 0, "num_statements": 12, "percent_covered": 0.0, "percent_covered_display": "0", "missing_lines": 12, "excluded_lines": 0, "percent_statements_covered": 0.0, "percent_statements_covered_display": "0"}, "missing_lines": [251, 252, 254, 255, 256, 257, 258, 260, 261, 264, 266, 267], "excluded_lines": [], "start_line": 247}, "_build_clip_embed": {"executed_lines": [], "summary": {"covered_lines": 0, "num_statements": 12, "percent_covered": 0.0, "percent_covered_display": "0", "missing_lines": 12, "excluded_lines": 0, "percent_statements_covered": 0.0, "percent_statements_covered_display": "0"}, "missing_lines": [276, 281, 282, 283, 284, 285, 290, 291, 292, 293, 294, 295], "excluded_lines": [], "start_line": 275}, "DiscordBot.__init__": {"executed_lines": [322, 323, 324, 325, 326, 327, 328], "summary": {"covered_lines": 7, "num_statements": 7, "percent_covered": 100.0, "percent_covered_display": "100", "missing_lines": 0, "excluded_lines": 0, "percent_statements_covered": 100.0, "percent_statements_covered_display": "100"}, "missing_lines": [], "excluded_lines": [], "start_line": 321}, "DiscordBot.is_available": {"executed_lines": [339], "summary": {"covered_lines": 1, "num_statements": 1, "percent_covered": 100.0, "percent_covered_display": "100", "missing_lines": 0, "excluded_lines": 0, "percent_statements_covered": 100.0, "percent_statements_covered_display": "100"}, "missing_lines": [], "excluded_lines": [], "start_line": 337}, "DiscordBot.is_running": {"executed_lines": [344], "summary": {"covered_lines": 1, "num_statements": 1, "percent_covered": 100.0, "percent_covered_display": "100", "missing_lines": 0, "excluded_lines": 0, "percent_statements_covered": 100.0, "percent_statements_covered_display": "100"}, "missing_lines": [], "excluded_lines": [], "start_line": 342}, "DiscordBot.auto_start_mode": {"executed_lines": [349], "summary": {"covered_lines": 1, "num_statements": 1, "percent_covered": 100.0, "percent_covered_display": "100", "missing_lines": 0, "excluded_lines": 0, "percent_statements_covered": 100.0, "percent_statements_covered_display": "100"}, "missing_lines": [], "excluded_lines": [], "start_line": 347}, "DiscordBot.start": {"executed_lines": [356, 357, 358, 359, 360, 361, 363, 364, 372, 373, 379, 380], "summary": {"covered_lines": 12, "num_statements": 14, "percent_covered": 85.71428571428571, "percent_covered_display": "86", "missing_lines": 2, "excluded_lines": 0, "percent_statements_covered": 85.71428571428571, "percent_statements_covered_display": "86"}, "missing_lines": [365, 370], "excluded_lines": [], "start_line": 351}, "DiscordBot.stop": {"executed_lines": [387, 388], "summary": {"covered_lines": 2, "num_statements": 15, "percent_covered": 13.333333333333334, "percent_covered_display": "13", "missing_lines": 13, "excluded_lines": 0, "percent_statements_covered": 13.333333333333334, "percent_statements_covered_display": "13"}, "missing_lines": [390, 391, 392, 393, 394, 396, 397, 398, 399, 400, 401, 402, 403], "excluded_lines": [], "start_line": 382}, "DiscordBot.auto_start": {"executed_lines": [407, 408, 409], "summary": {"covered_lines": 3, "num_statements": 9, "percent_covered": 33.333333333333336, "percent_covered_display": "33", "missing_lines": 6, "excluded_lines": 0, "percent_statements_covered": 33.333333333333336, "percent_statements_covered_display": "33"}, "missing_lines": [411, 412, 415, 416, 417, 419], "excluded_lines": [], "start_line": 405}, "DiscordBot.send_webhook": {"executed_lines": [437, 438, 439, 441, 445, 446, 448, 454, 457, 460, 462, 465, 471, 472, 473, 474, 475], "summary": {"covered_lines": 17, "num_statements": 21, "percent_covered": 80.95238095238095, "percent_covered_display": "81", "missing_lines": 4, "excluded_lines": 0, "percent_statements_covered": 80.95238095238095, "percent_statements_covered_display": "81"}, "missing_lines": [442, 443, 461, 463], "excluded_lines": [], "start_line": 425}, "DiscordBot._run_async_loop": {"executed_lines": [], "summary": {"covered_lines": 0, "num_statements": 13, "percent_covered": 0.0, "percent_covered_display": "0", "missing_lines": 13, "excluded_lines": 0, "percent_statements_covered": 0.0, "percent_statements_covered_display": "0"}, "missing_lines": [483, 484, 486, 487, 488, 489, 490, 491, 492, 494, 495, 496, 497], "excluded_lines": [], "start_line": 481}, "": {"executed_lines": [12, 14, 15, 16, 17, 18, 20, 21, 22, 24, 30, 31, 35, 36, 37, 41, 42, 43, 44, 46, 54, 90, 101, 106, 118, 299, 300, 301, 302, 303, 305, 306, 314, 321, 336, 337, 341, 342, 346, 347, 351, 382, 405, 425, 481], "summary": {"covered_lines": 45, "num_statements": 59, "percent_covered": 76.27118644067797, "percent_covered_display": "76", "missing_lines": 14, "excluded_lines": 0, "percent_statements_covered": 76.27118644067797, "percent_statements_covered_display": "76"}, "missing_lines": [32, 34, 120, 123, 131, 138, 153, 154, 182, 209, 210, 245, 246, 275], "excluded_lines": [], "start_line": 1}}, "classes": {"_ClipBotClient": {"executed_lines": [], "summary": {"covered_lines": 0, "num_statements": 14, "percent_covered": 0.0, "percent_covered_display": "0", "missing_lines": 14, "excluded_lines": 0, "percent_statements_covered": 0.0, "percent_statements_covered_display": "0"}, "missing_lines": [126, 127, 128, 129, 133, 134, 135, 136, 140, 145, 146, 147, 148, 149], "excluded_lines": [], "start_line": 120}, "DiscordBot": {"executed_lines": [322, 323, 324, 325, 326, 327, 328, 339, 344, 349, 356, 357, 358, 359, 360, 361, 363, 364, 372, 373, 379, 380, 387, 388, 407, 408, 409, 437, 438, 439, 441, 445, 446, 448, 454, 457, 460, 462, 465, 471, 472, 473, 474, 475], "summary": {"covered_lines": 44, "num_statements": 82, "percent_covered": 53.65853658536585, "percent_covered_display": "54", "missing_lines": 38, "excluded_lines": 0, "percent_statements_covered": 53.65853658536585, "percent_statements_covered_display": "54"}, "missing_lines": [365, 370, 390, 391, 392, 393, 394, 396, 397, 398, 399, 400, 401, 402, 403, 411, 412, 415, 416, 417, 419, 442, 443, 461, 463, 483, 484, 486, 487, 488, 489, 490, 491, 492, 494, 495, 496, 497], "excluded_lines": [], "start_line": 314}, "": {"executed_lines": [12, 14, 15, 16, 17, 18, 20, 21, 22, 24, 30, 31, 35, 36, 37, 41, 42, 43, 44, 46, 54, 90, 91, 101, 102, 103, 106, 107, 108, 109, 110, 118, 299, 300, 301, 302, 303, 305, 306, 314, 321, 336, 337, 341, 342, 346, 347, 351, 382, 405, 425, 481], "summary": {"covered_lines": 52, "num_statements": 144, "percent_covered": 36.111111111111114, "percent_covered_display": "36", "missing_lines": 92, "excluded_lines": 0, "percent_statements_covered": 36.111111111111114, "percent_statements_covered_display": "36"}, "missing_lines": [32, 34, 65, 66, 67, 68, 70, 71, 73, 74, 75, 76, 77, 78, 79, 80, 81, 82, 111, 120, 123, 131, 138, 153, 154, 155, 157, 158, 159, 160, 163, 165, 166, 167, 168, 169, 170, 174, 176, 182, 183, 185, 186, 187, 189, 197, 198, 199, 201, 203, 209, 210, 215, 222, 223, 224, 227, 229, 230, 231, 232, 237, 239, 245, 246, 247, 251, 252, 254, 255, 256, 257, 258, 260, 261, 264, 266, 267, 269, 275, 276, 281, 282, 283, 284, 285, 290, 291, 292, 293, 294, 295], "excluded_lines": [], "start_line": 1}}}, "src/moment/core/encoder.py": {"executed_lines": [8, 10, 11, 12, 13, 14, 15, 17, 18, 24, 29, 35, 38, 40, 43, 44, 47, 50, 53, 55, 56, 58, 65, 71, 79, 82, 86, 93, 99, 100, 101, 102, 108, 131, 132, 134, 135, 136, 137, 142, 143, 144, 145, 147, 148, 150, 151, 153, 172, 173, 174, 175, 176, 179, 180, 181, 182, 183, 184, 185, 188, 194, 206, 207, 209, 210, 211, 212, 217, 218, 219, 220, 225, 226, 227, 228, 230, 236, 246, 249, 262, 265, 266, 268, 269, 270, 274, 275, 278, 280, 281, 283, 284, 285, 287, 289, 295, 296, 300, 301, 303, 305, 306, 308, 309, 310], "summary": {"covered_lines": 106, "num_statements": 118, "percent_covered": 89.83050847457628, "percent_covered_display": "90", "missing_lines": 12, "excluded_lines": 2, "percent_statements_covered": 89.83050847457628, "percent_statements_covered_display": "90"}, "missing_lines": [57, 221, 222, 250, 251, 253, 254, 255, 256, 286, 288, 298], "excluded_lines": [26, 27], "functions": {"_get_config": {"executed_lines": [44], "summary": {"covered_lines": 1, "num_statements": 1, "percent_covered": 100.0, "percent_covered_display": "100", "missing_lines": 0, "excluded_lines": 0, "percent_statements_covered": 100.0, "percent_statements_covered_display": "100"}, "missing_lines": [], "excluded_lines": [], "start_line": 43}, "set_encoder_config": {"executed_lines": [50], "summary": {"covered_lines": 1, "num_statements": 1, "percent_covered": 100.0, "percent_covered_display": "100", "missing_lines": 0, "excluded_lines": 0, "percent_statements_covered": 100.0, "percent_statements_covered_display": "100"}, "missing_lines": [], "excluded_lines": [], "start_line": 47}, "get_encode_dir": {"executed_lines": [55, 56, 58], "summary": {"covered_lines": 3, "num_statements": 4, "percent_covered": 75.0, "percent_covered_display": "75", "missing_lines": 1, "excluded_lines": 0, "percent_statements_covered": 75.0, "percent_statements_covered_display": "75"}, "missing_lines": [57], "excluded_lines": [], "start_line": 53}, "Encoder.__init__": {"executed_lines": [99, 100, 101, 102], "summary": {"covered_lines": 4, "num_statements": 4, "percent_covered": 100.0, "percent_covered_display": "100", "missing_lines": 0, "excluded_lines": 0, "percent_statements_covered": 100.0, "percent_statements_covered_display": "100"}, "missing_lines": [], "excluded_lines": [], "start_line": 93}, "Encoder.encode": {"executed_lines": [131, 132, 134, 135, 136, 137, 142, 143, 144, 145, 147, 148, 150, 151], "summary": {"covered_lines": 14, "num_statements": 14, "percent_covered": 100.0, "percent_covered_display": "100", "missing_lines": 0, "excluded_lines": 0, "percent_statements_covered": 100.0, "percent_statements_covered_display": "100"}, "missing_lines": [], "excluded_lines": [], "start_line": 108}, "Encoder.build_command": {"executed_lines": [172, 173, 174, 175, 176, 179, 180, 181, 182, 183, 184, 185, 188, 194, 206, 207, 209, 210, 211, 212, 217, 218, 219, 220, 225, 226, 227, 228, 230], "summary": {"covered_lines": 29, "num_statements": 31, "percent_covered": 93.54838709677419, "percent_covered_display": "94", "missing_lines": 2, "excluded_lines": 0, "percent_statements_covered": 93.54838709677419, "percent_statements_covered_display": "94"}, "missing_lines": [221, 222], "excluded_lines": [], "start_line": 153}, "Encoder._choose_encoder": {"executed_lines": [246, 249, 262, 265, 266, 268, 269, 270, 274, 275, 278], "summary": {"covered_lines": 11, "num_statements": 17, "percent_covered": 64.70588235294117, "percent_covered_display": "65", "missing_lines": 6, "excluded_lines": 0, "percent_statements_covered": 64.70588235294117, "percent_statements_covered_display": "65"}, "missing_lines": [250, 251, 253, 254, 255, 256], "excluded_lines": [], "start_line": 236}, "Encoder._choose_hwaccel": {"executed_lines": [283, 284, 285, 287, 289], "summary": {"covered_lines": 5, "num_statements": 7, "percent_covered": 71.42857142857143, "percent_covered_display": "71", "missing_lines": 2, "excluded_lines": 0, "percent_statements_covered": 71.42857142857143, "percent_statements_covered_display": "71"}, "missing_lines": [286, 288], "excluded_lines": [], "start_line": 281}, "Encoder.codec": {"executed_lines": [], "summary": {"covered_lines": 0, "num_statements": 1, "percent_covered": 0.0, "percent_covered_display": "0", "missing_lines": 1, "excluded_lines": 0, "percent_statements_covered": 0.0, "percent_statements_covered_display": "0"}, "missing_lines": [298], "excluded_lines": [], "start_line": 296}, "Encoder.quality": {"executed_lines": [303], "summary": {"covered_lines": 1, "num_statements": 1, "percent_covered": 100.0, "percent_covered_display": "100", "missing_lines": 0, "excluded_lines": 0, "percent_statements_covered": 100.0, "percent_statements_covered_display": "100"}, "missing_lines": [], "excluded_lines": [], "start_line": 301}, "Encoder.is_nvenc_available": {"executed_lines": [308, 309, 310], "summary": {"covered_lines": 3, "num_statements": 3, "percent_covered": 100.0, "percent_covered_display": "100", "missing_lines": 0, "excluded_lines": 0, "percent_statements_covered": 100.0, "percent_statements_covered_display": "100"}, "missing_lines": [], "excluded_lines": [], "start_line": 306}, "": {"executed_lines": [8, 10, 11, 12, 13, 14, 15, 17, 18, 24, 29, 35, 38, 40, 43, 47, 53, 65, 71, 79, 82, 86, 93, 108, 153, 236, 280, 281, 295, 296, 300, 301, 305, 306], "summary": {"covered_lines": 34, "num_statements": 34, "percent_covered": 100.0, "percent_covered_display": "100", "missing_lines": 0, "excluded_lines": 2, "percent_statements_covered": 100.0, "percent_statements_covered_display": "100"}, "missing_lines": [], "excluded_lines": [26, 27], "start_line": 1}}, "classes": {"EncoderError": {"executed_lines": [], "summary": {"covered_lines": 0, "num_statements": 0, "percent_covered": 100.0, "percent_covered_display": "100", "missing_lines": 0, "excluded_lines": 0, "percent_statements_covered": 100.0, "percent_statements_covered_display": "100"}, "missing_lines": [], "excluded_lines": [], "start_line": 82}, "Encoder": {"executed_lines": [99, 100, 101, 102, 131, 132, 134, 135, 136, 137, 142, 143, 144, 145, 147, 148, 150, 151, 172, 173, 174, 175, 176, 179, 180, 181, 182, 183, 184, 185, 188, 194, 206, 207, 209, 210, 211, 212, 217, 218, 219, 220, 225, 226, 227, 228, 230, 246, 249, 262, 265, 266, 268, 269, 270, 274, 275, 278, 283, 284, 285, 287, 289, 303, 308, 309, 310], "summary": {"covered_lines": 67, "num_statements": 78, "percent_covered": 85.8974358974359, "percent_covered_display": "86", "missing_lines": 11, "excluded_lines": 0, "percent_statements_covered": 85.8974358974359, "percent_statements_covered_display": "86"}, "missing_lines": [221, 222, 250, 251, 253, 254, 255, 256, 286, 288, 298], "excluded_lines": [], "start_line": 86}, "": {"executed_lines": [8, 10, 11, 12, 13, 14, 15, 17, 18, 24, 29, 35, 38, 40, 43, 44, 47, 50, 53, 55, 56, 58, 65, 71, 79, 82, 86, 93, 108, 153, 236, 280, 281, 295, 296, 300, 301, 305, 306], "summary": {"covered_lines": 39, "num_statements": 40, "percent_covered": 97.5, "percent_covered_display": "98", "missing_lines": 1, "excluded_lines": 2, "percent_statements_covered": 97.5, "percent_statements_covered_display": "98"}, "missing_lines": [57], "excluded_lines": [26, 27], "start_line": 1}}}, "src/moment/core/game_monitor.py": {"executed_lines": [9, 11, 12, 13, 14, 15, 16, 18, 20, 23, 34, 45, 62, 63, 64, 65, 67, 68, 69, 70, 71, 77, 79, 80, 81, 82, 83, 85, 87, 88, 89, 90, 92, 93, 95, 97, 98, 100, 102, 103, 104, 106, 107, 108, 114, 115, 117, 118, 119, 121, 129, 131, 133, 134, 136, 137, 138, 139, 140, 141, 143, 144, 145, 146, 148, 149, 150, 152, 153, 154, 155, 156, 157, 158, 161, 162, 163, 164, 165, 166, 168, 170, 171, 172, 173, 174, 175, 176, 177, 178, 179, 181, 183, 185, 189, 191, 192], "summary": {"covered_lines": 97, "num_statements": 114, "percent_covered": 85.08771929824562, "percent_covered_display": "85", "missing_lines": 17, "excluded_lines": 0, "percent_statements_covered": 85.08771929824562, "percent_statements_covered_display": "85"}, "missing_lines": [116, 122, 123, 124, 125, 127, 184, 186, 187, 197, 198, 204, 205, 206, 207, 208, 209], "excluded_lines": [], "functions": {"GameMonitor.__init__": {"executed_lines": [62, 63, 64, 65, 67, 68, 69, 70, 71], "summary": {"covered_lines": 9, "num_statements": 9, "percent_covered": 100.0, "percent_covered_display": "100", "missing_lines": 0, "excluded_lines": 0, "percent_statements_covered": 100.0, "percent_statements_covered_display": "100"}, "missing_lines": [], "excluded_lines": [], "start_line": 45}, "GameMonitor.start": {"executed_lines": [79, 80, 81, 82, 83], "summary": {"covered_lines": 5, "num_statements": 5, "percent_covered": 100.0, "percent_covered_display": "100", "missing_lines": 0, "excluded_lines": 0, "percent_statements_covered": 100.0, "percent_statements_covered_display": "100"}, "missing_lines": [], "excluded_lines": [], "start_line": 77}, "GameMonitor.stop": {"executed_lines": [87, 88, 89, 90], "summary": {"covered_lines": 4, "num_statements": 4, "percent_covered": 100.0, "percent_covered_display": "100", "missing_lines": 0, "excluded_lines": 0, "percent_statements_covered": 100.0, "percent_statements_covered_display": "100"}, "missing_lines": [], "excluded_lines": [], "start_line": 85}, "GameMonitor.state": {"executed_lines": [95], "summary": {"covered_lines": 1, "num_statements": 1, "percent_covered": 100.0, "percent_covered_display": "100", "missing_lines": 0, "excluded_lines": 0, "percent_statements_covered": 100.0, "percent_statements_covered_display": "100"}, "missing_lines": [], "excluded_lines": [], "start_line": 93}, "GameMonitor.active_game": {"executed_lines": [100], "summary": {"covered_lines": 1, "num_statements": 1, "percent_covered": 100.0, "percent_covered_display": "100", "missing_lines": 0, "excluded_lines": 0, "percent_statements_covered": 100.0, "percent_statements_covered_display": "100"}, "missing_lines": [], "excluded_lines": [], "start_line": 98}, "GameMonitor.is_running": {"executed_lines": [104], "summary": {"covered_lines": 1, "num_statements": 1, "percent_covered": 100.0, "percent_covered_display": "100", "missing_lines": 0, "excluded_lines": 0, "percent_statements_covered": 100.0, "percent_statements_covered_display": "100"}, "missing_lines": [], "excluded_lines": [], "start_line": 103}, "GameMonitor.game_binaries": {"executed_lines": [108], "summary": {"covered_lines": 1, "num_statements": 1, "percent_covered": 100.0, "percent_covered_display": "100", "missing_lines": 0, "excluded_lines": 0, "percent_statements_covered": 100.0, "percent_statements_covered_display": "100"}, "missing_lines": [], "excluded_lines": [], "start_line": 107}, "GameMonitor._schedule": {"executed_lines": [115, 117, 118, 119], "summary": {"covered_lines": 4, "num_statements": 5, "percent_covered": 80.0, "percent_covered_display": "80", "missing_lines": 1, "excluded_lines": 0, "percent_statements_covered": 80.0, "percent_statements_covered_display": "80"}, "missing_lines": [116], "excluded_lines": [], "start_line": 114}, "GameMonitor._on_tick": {"executed_lines": [], "summary": {"covered_lines": 0, "num_statements": 5, "percent_covered": 0.0, "percent_covered_display": "0", "missing_lines": 5, "excluded_lines": 0, "percent_statements_covered": 0.0, "percent_statements_covered_display": "0"}, "missing_lines": [122, 123, 124, 125, 127], "excluded_lines": [], "start_line": 121}, "GameMonitor._scan": {"executed_lines": [131, 133, 134, 136, 137, 138, 139, 140, 141, 143, 144, 145, 146, 148, 149, 150, 152, 153, 154, 155, 156, 157, 158, 161, 162, 163, 164, 165, 166], "summary": {"covered_lines": 29, "num_statements": 29, "percent_covered": 100.0, "percent_covered_display": "100", "missing_lines": 0, "excluded_lines": 0, "percent_statements_covered": 100.0, "percent_statements_covered_display": "100"}, "missing_lines": [], "excluded_lines": [], "start_line": 129}, "GameMonitor._find_game_process": {"executed_lines": [170, 171, 172, 173, 174, 175, 176, 177, 178, 179, 181, 183, 185, 189], "summary": {"covered_lines": 14, "num_statements": 17, "percent_covered": 82.3529411764706, "percent_covered_display": "82", "missing_lines": 3, "excluded_lines": 0, "percent_statements_covered": 82.3529411764706, "percent_statements_covered_display": "82"}, "missing_lines": [184, 186, 187], "excluded_lines": [], "start_line": 168}, "GameMonitor._check_gpu_utilization": {"executed_lines": [], "summary": {"covered_lines": 0, "num_statements": 8, "percent_covered": 0.0, "percent_covered_display": "0", "missing_lines": 8, "excluded_lines": 0, "percent_statements_covered": 0.0, "percent_statements_covered_display": "0"}, "missing_lines": [197, 198, 204, 205, 206, 207, 208, 209], "excluded_lines": [], "start_line": 192}, "": {"executed_lines": [9, 11, 12, 13, 14, 15, 16, 18, 20, 23, 34, 45, 77, 85, 92, 93, 97, 98, 102, 103, 106, 107, 114, 121, 129, 168, 191, 192], "summary": {"covered_lines": 28, "num_statements": 28, "percent_covered": 100.0, "percent_covered_display": "100", "missing_lines": 0, "excluded_lines": 0, "percent_statements_covered": 100.0, "percent_statements_covered_display": "100"}, "missing_lines": [], "excluded_lines": [], "start_line": 1}}, "classes": {"GameMonitor": {"executed_lines": [62, 63, 64, 65, 67, 68, 69, 70, 71, 79, 80, 81, 82, 83, 87, 88, 89, 90, 95, 100, 104, 108, 115, 117, 118, 119, 131, 133, 134, 136, 137, 138, 139, 140, 141, 143, 144, 145, 146, 148, 149, 150, 152, 153, 154, 155, 156, 157, 158, 161, 162, 163, 164, 165, 166, 170, 171, 172, 173, 174, 175, 176, 177, 178, 179, 181, 183, 185, 189], "summary": {"covered_lines": 69, "num_statements": 86, "percent_covered": 80.23255813953489, "percent_covered_display": "80", "missing_lines": 17, "excluded_lines": 0, "percent_statements_covered": 80.23255813953489, "percent_statements_covered_display": "80"}, "missing_lines": [116, 122, 123, 124, 125, 127, 184, 186, 187, 197, 198, 204, 205, 206, 207, 208, 209], "excluded_lines": [], "start_line": 34}, "": {"executed_lines": [9, 11, 12, 13, 14, 15, 16, 18, 20, 23, 34, 45, 77, 85, 92, 93, 97, 98, 102, 103, 106, 107, 114, 121, 129, 168, 191, 192], "summary": {"covered_lines": 28, "num_statements": 28, "percent_covered": 100.0, "percent_covered_display": "100", "missing_lines": 0, "excluded_lines": 0, "percent_statements_covered": 100.0, "percent_statements_covered_display": "100"}, "missing_lines": [], "excluded_lines": [], "start_line": 1}}}, "src/moment/core/game_profiles.py": {"executed_lines": [9, 11, 12, 13, 15, 16, 18, 21, 22, 23, 26, 30, 40, 44, 50, 56, 57, 58, 59, 60, 61, 62, 64, 66, 68, 70, 72, 74, 80, 94, 105, 111, 112, 113, 114, 115, 116, 122, 123, 145, 151, 152, 156, 158, 159, 163], "summary": {"covered_lines": 46, "num_statements": 46, "percent_covered": 100.0, "percent_covered_display": "100", "missing_lines": 0, "excluded_lines": 0, "percent_statements_covered": 100.0, "percent_statements_covered_display": "100"}, "missing_lines": [], "excluded_lines": [], "functions": {"GameProfileManager.__init__": {"executed_lines": [44], "summary": {"covered_lines": 1, "num_statements": 1, "percent_covered": 100.0, "percent_covered_display": "100", "missing_lines": 0, "excluded_lines": 0, "percent_statements_covered": 100.0, "percent_statements_covered_display": "100"}, "missing_lines": [], "excluded_lines": [], "start_line": 40}, "GameProfileManager.save": {"executed_lines": [56, 57, 58, 59, 60, 61, 62], "summary": {"covered_lines": 7, "num_statements": 7, "percent_covered": 100.0, "percent_covered_display": "100", "missing_lines": 0, "excluded_lines": 0, "percent_statements_covered": 100.0, "percent_statements_covered_display": "100"}, "missing_lines": [], "excluded_lines": [], "start_line": 50}, "GameProfileManager.get": {"executed_lines": [66], "summary": {"covered_lines": 1, "num_statements": 1, "percent_covered": 100.0, "percent_covered_display": "100", "missing_lines": 0, "excluded_lines": 0, "percent_statements_covered": 100.0, "percent_statements_covered_display": "100"}, "missing_lines": [], "excluded_lines": [], "start_line": 64}, "GameProfileManager.list": {"executed_lines": [70], "summary": {"covered_lines": 1, "num_statements": 1, "percent_covered": 100.0, "percent_covered_display": "100", "missing_lines": 0, "excluded_lines": 0, "percent_statements_covered": 100.0, "percent_statements_covered_display": "100"}, "missing_lines": [], "excluded_lines": [], "start_line": 68}, "GameProfileManager.delete": {"executed_lines": [74], "summary": {"covered_lines": 1, "num_statements": 1, "percent_covered": 100.0, "percent_covered_display": "100", "missing_lines": 0, "excluded_lines": 0, "percent_statements_covered": 100.0, "percent_statements_covered_display": "100"}, "missing_lines": [], "excluded_lines": [], "start_line": 72}, "GameProfileManager.create_default": {"executed_lines": [94], "summary": {"covered_lines": 1, "num_statements": 1, "percent_covered": 100.0, "percent_covered_display": "100", "missing_lines": 0, "excluded_lines": 0, "percent_statements_covered": 100.0, "percent_statements_covered_display": "100"}, "missing_lines": [], "excluded_lines": [], "start_line": 80}, "GameProfileManager.get_or_create": {"executed_lines": [111, 112, 113, 114, 115, 116], "summary": {"covered_lines": 6, "num_statements": 6, "percent_covered": 100.0, "percent_covered_display": "100", "missing_lines": 0, "excluded_lines": 0, "percent_statements_covered": 100.0, "percent_statements_covered_display": "100"}, "missing_lines": [], "excluded_lines": [], "start_line": 105}, "GameProfileManager.decide_game_exit_action": {"executed_lines": [145, 151, 152, 156, 158, 159, 163], "summary": {"covered_lines": 7, "num_statements": 7, "percent_covered": 100.0, "percent_covered_display": "100", "missing_lines": 0, "excluded_lines": 0, "percent_statements_covered": 100.0, "percent_statements_covered_display": "100"}, "missing_lines": [], "excluded_lines": [], "start_line": 123}, "": {"executed_lines": [9, 11, 12, 13, 15, 16, 18, 21, 22, 23, 26, 30, 40, 50, 64, 68, 72, 80, 105, 122, 123], "summary": {"covered_lines": 21, "num_statements": 21, "percent_covered": 100.0, "percent_covered_display": "100", "missing_lines": 0, "excluded_lines": 0, "percent_statements_covered": 100.0, "percent_statements_covered_display": "100"}, "missing_lines": [], "excluded_lines": [], "start_line": 1}}, "classes": {"GameProfileError": {"executed_lines": [], "summary": {"covered_lines": 0, "num_statements": 0, "percent_covered": 100.0, "percent_covered_display": "100", "missing_lines": 0, "excluded_lines": 0, "percent_statements_covered": 100.0, "percent_statements_covered_display": "100"}, "missing_lines": [], "excluded_lines": [], "start_line": 26}, "GameProfileManager": {"executed_lines": [44, 56, 57, 58, 59, 60, 61, 62, 66, 70, 74, 94, 111, 112, 113, 114, 115, 116, 145, 151, 152, 156, 158, 159, 163], "summary": {"covered_lines": 25, "num_statements": 25, "percent_covered": 100.0, "percent_covered_display": "100", "missing_lines": 0, "excluded_lines": 0, "percent_statements_covered": 100.0, "percent_statements_covered_display": "100"}, "missing_lines": [], "excluded_lines": [], "start_line": 30}, "": {"executed_lines": [9, 11, 12, 13, 15, 16, 18, 21, 22, 23, 26, 30, 40, 50, 64, 68, 72, 80, 105, 122, 123], "summary": {"covered_lines": 21, "num_statements": 21, "percent_covered": 100.0, "percent_covered_display": "100", "missing_lines": 0, "excluded_lines": 0, "percent_statements_covered": 100.0, "percent_statements_covered_display": "100"}, "missing_lines": [], "excluded_lines": [], "start_line": 1}}}, "src/moment/core/gsr_controller.py": {"executed_lines": [10, 12, 13, 14, 15, 16, 17, 18, 19, 21, 27, 30, 31, 32, 33, 36, 39, 40, 43, 46, 50, 74, 104, 107, 108, 109, 110, 111, 112, 113, 114, 115, 116, 119, 120, 123, 124, 127, 133, 142, 143, 148, 149, 150, 151, 153, 154, 155, 157, 159, 160, 161, 163, 168, 169, 170, 171, 172, 174, 175, 176, 177, 179, 180, 184, 185, 186, 194, 195, 197, 198, 200, 201, 203, 205, 206, 208, 209, 215, 217, 227, 228, 230, 231, 233, 234, 236, 238, 243, 244, 246, 247, 260, 261, 263, 268, 269, 271, 272, 276, 279, 280, 286, 287, 289, 290, 291, 292, 293, 294, 295, 297, 299, 301, 304, 305, 310, 311, 312, 313, 315, 316, 318, 319, 323, 324, 325, 326, 329, 332, 333, 334, 343, 345, 346, 348, 349, 353], "summary": {"covered_lines": 138, "num_statements": 163, "percent_covered": 84.66257668711657, "percent_covered_display": "85", "missing_lines": 25, "excluded_lines": 0, "percent_statements_covered": 84.66257668711657, "percent_statements_covered_display": "85"}, "missing_lines": [181, 182, 187, 188, 254, 255, 273, 274, 281, 282, 283, 288, 302, 306, 307, 308, 327, 328, 335, 336, 337, 338, 339, 340, 341], "excluded_lines": [], "functions": {"GSRController.__init__": {"executed_lines": [104, 107, 108, 109, 110, 111, 112, 113, 114, 115, 116, 119, 120, 123, 124, 127], "summary": {"covered_lines": 16, "num_statements": 16, "percent_covered": 100.0, "percent_covered_display": "100", "missing_lines": 0, "excluded_lines": 0, "percent_statements_covered": 100.0, "percent_statements_covered_display": "100"}, "missing_lines": [], "excluded_lines": [], "start_line": 74}, "GSRController.start": {"executed_lines": [142, 143, 148, 149, 150, 151, 153, 154, 155], "summary": {"covered_lines": 9, "num_statements": 9, "percent_covered": 100.0, "percent_covered_display": "100", "missing_lines": 0, "excluded_lines": 0, "percent_statements_covered": 100.0, "percent_statements_covered_display": "100"}, "missing_lines": [], "excluded_lines": [], "start_line": 133}, "GSRController.stop": {"executed_lines": [159, 160, 161], "summary": {"covered_lines": 3, "num_statements": 3, "percent_covered": 100.0, "percent_covered_display": "100", "missing_lines": 0, "excluded_lines": 0, "percent_statements_covered": 100.0, "percent_statements_covered_display": "100"}, "missing_lines": [], "excluded_lines": [], "start_line": 157}, "GSRController.save_replay": {"executed_lines": [168, 169, 170, 171, 172, 174, 175, 176, 177, 179, 180, 184, 185, 186], "summary": {"covered_lines": 14, "num_statements": 18, "percent_covered": 77.77777777777777, "percent_covered_display": "78", "missing_lines": 4, "excluded_lines": 0, "percent_statements_covered": 77.77777777777777, "percent_statements_covered_display": "78"}, "missing_lines": [181, 182, 187, 188], "excluded_lines": [], "start_line": 163}, "GSRController.is_recording": {"executed_lines": [197, 198], "summary": {"covered_lines": 2, "num_statements": 2, "percent_covered": 100.0, "percent_covered_display": "100", "missing_lines": 0, "excluded_lines": 0, "percent_statements_covered": 100.0, "percent_statements_covered_display": "100"}, "missing_lines": [], "excluded_lines": [], "start_line": 195}, "GSRController.output_dir": {"executed_lines": [203], "summary": {"covered_lines": 1, "num_statements": 1, "percent_covered": 100.0, "percent_covered_display": "100", "missing_lines": 0, "excluded_lines": 0, "percent_statements_covered": 100.0, "percent_statements_covered_display": "100"}, "missing_lines": [], "excluded_lines": [], "start_line": 201}, "GSRController.pid": {"executed_lines": [208, 209], "summary": {"covered_lines": 2, "num_statements": 2, "percent_covered": 100.0, "percent_covered_display": "100", "missing_lines": 0, "excluded_lines": 0, "percent_statements_covered": 100.0, "percent_statements_covered_display": "100"}, "missing_lines": [], "excluded_lines": [], "start_line": 206}, "GSRController._build_command": {"executed_lines": [217, 227, 228, 230, 231, 233, 234, 236], "summary": {"covered_lines": 8, "num_statements": 8, "percent_covered": 100.0, "percent_covered_display": "100", "missing_lines": 0, "excluded_lines": 0, "percent_statements_covered": 100.0, "percent_statements_covered_display": "100"}, "missing_lines": [], "excluded_lines": [], "start_line": 215}, "GSRController._spawn_process_unlocked": {"executed_lines": [243, 244, 246, 247, 260, 261], "summary": {"covered_lines": 6, "num_statements": 8, "percent_covered": 75.0, "percent_covered_display": "75", "missing_lines": 2, "excluded_lines": 0, "percent_statements_covered": 75.0, "percent_statements_covered_display": "75"}, "missing_lines": [254, 255], "excluded_lines": [], "start_line": 238}, "GSRController._stop_process_unlocked": {"executed_lines": [268, 269, 271, 272, 276, 279, 280, 286, 287, 289, 290, 291, 292, 293, 294, 295, 297], "summary": {"covered_lines": 17, "num_statements": 23, "percent_covered": 73.91304347826087, "percent_covered_display": "74", "missing_lines": 6, "excluded_lines": 0, "percent_statements_covered": 73.91304347826087, "percent_statements_covered_display": "74"}, "missing_lines": [273, 274, 281, 282, 283, 288], "excluded_lines": [], "start_line": 263}, "GSRController._monitor_process": {"executed_lines": [301, 304, 305, 310, 311, 312, 313, 315, 316, 318, 319, 323, 324, 325, 326, 329, 332, 333, 334], "summary": {"covered_lines": 19, "num_statements": 32, "percent_covered": 59.375, "percent_covered_display": "59", "missing_lines": 13, "excluded_lines": 0, "percent_statements_covered": 59.375, "percent_statements_covered_display": "59"}, "missing_lines": [302, 306, 307, 308, 327, 328, 335, 336, 337, 338, 339, 340, 341], "excluded_lines": [], "start_line": 299}, "GSRController._can_restart": {"executed_lines": [345, 346, 348, 349, 353], "summary": {"covered_lines": 5, "num_statements": 5, "percent_covered": 100.0, "percent_covered_display": "100", "missing_lines": 0, "excluded_lines": 0, "percent_statements_covered": 100.0, "percent_statements_covered_display": "100"}, "missing_lines": [], "excluded_lines": [], "start_line": 343}, "": {"executed_lines": [10, 12, 13, 14, 15, 16, 17, 18, 19, 21, 27, 30, 31, 32, 33, 36, 39, 40, 43, 46, 50, 74, 133, 157, 163, 194, 195, 200, 201, 205, 206, 215, 238, 263, 299, 343], "summary": {"covered_lines": 36, "num_statements": 36, "percent_covered": 100.0, "percent_covered_display": "100", "missing_lines": 0, "excluded_lines": 0, "percent_statements_covered": 100.0, "percent_statements_covered_display": "100"}, "missing_lines": [], "excluded_lines": [], "start_line": 1}}, "classes": {"GSRControllerError": {"executed_lines": [], "summary": {"covered_lines": 0, "num_statements": 0, "percent_covered": 100.0, "percent_covered_display": "100", "missing_lines": 0, "excluded_lines": 0, "percent_statements_covered": 100.0, "percent_statements_covered_display": "100"}, "missing_lines": [], "excluded_lines": [], "start_line": 46}, "GSRController": {"executed_lines": [104, 107, 108, 109, 110, 111, 112, 113, 114, 115, 116, 119, 120, 123, 124, 127, 142, 143, 148, 149, 150, 151, 153, 154, 155, 159, 160, 161, 168, 169, 170, 171, 172, 174, 175, 176, 177, 179, 180, 184, 185, 186, 197, 198, 203, 208, 209, 217, 227, 228, 230, 231, 233, 234, 236, 243, 244, 246, 247, 260, 261, 268, 269, 271, 272, 276, 279, 280, 286, 287, 289, 290, 291, 292, 293, 294, 295, 297, 301, 304, 305, 310, 311, 312, 313, 315, 316, 318, 319, 323, 324, 325, 326, 329, 332, 333, 334, 345, 346, 348, 349, 353], "summary": {"covered_lines": 102, "num_statements": 127, "percent_covered": 80.31496062992126, "percent_covered_display": "80", "missing_lines": 25, "excluded_lines": 0, "percent_statements_covered": 80.31496062992126, "percent_statements_covered_display": "80"}, "missing_lines": [181, 182, 187, 188, 254, 255, 273, 274, 281, 282, 283, 288, 302, 306, 307, 308, 327, 328, 335, 336, 337, 338, 339, 340, 341], "excluded_lines": [], "start_line": 50}, "": {"executed_lines": [10, 12, 13, 14, 15, 16, 17, 18, 19, 21, 27, 30, 31, 32, 33, 36, 39, 40, 43, 46, 50, 74, 133, 157, 163, 194, 195, 200, 201, 205, 206, 215, 238, 263, 299, 343], "summary": {"covered_lines": 36, "num_statements": 36, "percent_covered": 100.0, "percent_covered_display": "100", "missing_lines": 0, "excluded_lines": 0, "percent_statements_covered": 100.0, "percent_statements_covered_display": "100"}, "missing_lines": [], "excluded_lines": [], "start_line": 1}}}, "src/moment/core/gsr_watcher.py": {"executed_lines": [9, 11, 12, 13, 14, 15, 17, 19, 22, 23, 25, 26, 27, 30, 51, 64, 65, 66, 68, 69, 70, 71, 77, 83, 84, 87, 90, 91, 93, 94, 99, 101, 104, 106, 108, 109, 110, 111, 112, 118, 120, 123, 125, 127, 128, 131, 136, 140, 144, 146, 150, 152, 153, 159, 160, 162, 163, 164, 165, 167, 169, 170, 171, 172, 173, 174, 176, 177, 186, 187, 188, 191, 193, 194, 195, 196, 197, 198], "summary": {"covered_lines": 78, "num_statements": 91, "percent_covered": 85.71428571428571, "percent_covered_display": "86", "missing_lines": 13, "excluded_lines": 0, "percent_statements_covered": 85.71428571428571, "percent_statements_covered_display": "86"}, "missing_lines": [24, 102, 121, 145, 147, 154, 155, 157, 179, 181, 182, 183, 189], "excluded_lines": [], "functions": {"GSRWatcher.__init__": {"executed_lines": [64, 65, 66, 68, 69, 70, 71], "summary": {"covered_lines": 7, "num_statements": 7, "percent_covered": 100.0, "percent_covered_display": "100", "missing_lines": 0, "excluded_lines": 0, "percent_statements_covered": 100.0, "percent_statements_covered_display": "100"}, "missing_lines": [], "excluded_lines": [], "start_line": 51}, "GSRWatcher.start": {"executed_lines": [83, 84, 87, 90, 91, 93, 94, 99, 101, 104], "summary": {"covered_lines": 10, "num_statements": 11, "percent_covered": 90.9090909090909, "percent_covered_display": "91", "missing_lines": 1, "excluded_lines": 0, "percent_statements_covered": 90.9090909090909, "percent_statements_covered_display": "91"}, "missing_lines": [102], "excluded_lines": [], "start_line": 77}, "GSRWatcher.stop": {"executed_lines": [108, 109, 110, 111, 112], "summary": {"covered_lines": 5, "num_statements": 5, "percent_covered": 100.0, "percent_covered_display": "100", "missing_lines": 0, "excluded_lines": 0, "percent_statements_covered": 100.0, "percent_statements_covered_display": "100"}, "missing_lines": [], "excluded_lines": [], "start_line": 106}, "GSRWatcher._watch_loop": {"executed_lines": [120, 123], "summary": {"covered_lines": 2, "num_statements": 3, "percent_covered": 66.66666666666667, "percent_covered_display": "67", "missing_lines": 1, "excluded_lines": 0, "percent_statements_covered": 66.66666666666667, "percent_statements_covered_display": "67"}, "missing_lines": [121], "excluded_lines": [], "start_line": 118}, "GSRWatcher._watch_inotify": {"executed_lines": [127, 128, 131, 136, 140, 144, 146, 150, 152, 153, 159, 160, 162, 163, 164, 165], "summary": {"covered_lines": 16, "num_statements": 21, "percent_covered": 76.19047619047619, "percent_covered_display": "76", "missing_lines": 5, "excluded_lines": 0, "percent_statements_covered": 76.19047619047619, "percent_statements_covered_display": "76"}, "missing_lines": [145, 147, 154, 155, 157], "excluded_lines": [], "start_line": 125}, "GSRWatcher._watch_poll": {"executed_lines": [169, 170, 171, 172, 173, 174, 176, 177, 186, 187, 188], "summary": {"covered_lines": 11, "num_statements": 16, "percent_covered": 68.75, "percent_covered_display": "69", "missing_lines": 5, "excluded_lines": 0, "percent_statements_covered": 68.75, "percent_statements_covered_display": "69"}, "missing_lines": [179, 181, 182, 183, 189], "excluded_lines": [], "start_line": 167}, "GSRWatcher._handle_new_file": {"executed_lines": [193, 194, 195, 196, 197, 198], "summary": {"covered_lines": 6, "num_statements": 6, "percent_covered": 100.0, "percent_covered_display": "100", "missing_lines": 0, "excluded_lines": 0, "percent_statements_covered": 100.0, "percent_statements_covered_display": "100"}, "missing_lines": [], "excluded_lines": [], "start_line": 191}, "": {"executed_lines": [9, 11, 12, 13, 14, 15, 17, 19, 22, 23, 25, 26, 27, 30, 51, 77, 106, 118, 125, 167, 191], "summary": {"covered_lines": 21, "num_statements": 22, "percent_covered": 95.45454545454545, "percent_covered_display": "95", "missing_lines": 1, "excluded_lines": 0, "percent_statements_covered": 95.45454545454545, "percent_statements_covered_display": "95"}, "missing_lines": [24], "excluded_lines": [], "start_line": 1}}, "classes": {"GSRWatcher": {"executed_lines": [64, 65, 66, 68, 69, 70, 71, 83, 84, 87, 90, 91, 93, 94, 99, 101, 104, 108, 109, 110, 111, 112, 120, 123, 127, 128, 131, 136, 140, 144, 146, 150, 152, 153, 159, 160, 162, 163, 164, 165, 169, 170, 171, 172, 173, 174, 176, 177, 186, 187, 188, 193, 194, 195, 196, 197, 198], "summary": {"covered_lines": 57, "num_statements": 69, "percent_covered": 82.6086956521739, "percent_covered_display": "83", "missing_lines": 12, "excluded_lines": 0, "percent_statements_covered": 82.6086956521739, "percent_statements_covered_display": "83"}, "missing_lines": [102, 121, 145, 147, 154, 155, 157, 179, 181, 182, 183, 189], "excluded_lines": [], "start_line": 30}, "": {"executed_lines": [9, 11, 12, 13, 14, 15, 17, 19, 22, 23, 25, 26, 27, 30, 51, 77, 106, 118, 125, 167, 191], "summary": {"covered_lines": 21, "num_statements": 22, "percent_covered": 95.45454545454545, "percent_covered_display": "95", "missing_lines": 1, "excluded_lines": 0, "percent_statements_covered": 95.45454545454545, "percent_statements_covered_display": "95"}, "missing_lines": [24], "excluded_lines": [], "start_line": 1}}}, "src/moment/core/hotkey_daemon.py": {"executed_lines": [20, 22, 23, 24, 25, 26, 28, 31, 38, 41, 42, 43, 44, 45, 49, 62, 65, 67, 70, 74, 83, 85, 86, 88, 89, 91, 92, 95, 98, 100, 101, 102, 103, 105, 106, 107, 144, 145, 146, 151, 155, 156, 165, 168, 170, 175, 176, 177, 178, 179, 180, 182, 183, 184, 189, 190, 192, 193, 194, 195, 196, 198, 200, 201, 205, 206, 207, 239, 253, 267, 278, 279, 280, 281, 282, 288, 295, 296, 297, 299, 301, 302, 303, 304, 306, 307, 309, 311, 312, 314, 320, 321, 322, 323, 325, 327, 328, 329, 330, 331, 332, 334, 335, 336, 337, 338, 339, 347, 354, 355, 359, 360, 363, 364, 368, 369, 372, 380, 402], "summary": {"covered_lines": 119, "num_statements": 210, "percent_covered": 56.666666666666664, "percent_covered_display": "57", "missing_lines": 91, "excluded_lines": 0, "percent_statements_covered": 56.666666666666664, "percent_statements_covered_display": "57"}, "missing_lines": [108, 109, 111, 112, 116, 121, 123, 125, 126, 127, 128, 129, 135, 136, 137, 139, 147, 148, 149, 152, 153, 162, 202, 203, 204, 209, 210, 213, 214, 215, 216, 217, 218, 219, 220, 221, 223, 226, 227, 228, 229, 230, 231, 232, 233, 234, 235, 236, 237, 241, 242, 243, 244, 245, 356, 357, 358, 365, 366, 367, 382, 383, 384, 385, 387, 388, 389, 390, 391, 392, 393, 394, 395, 396, 397, 398, 399, 404, 405, 406, 407, 410, 413, 415, 416, 417, 418, 419, 420, 421, 423], "excluded_lines": [], "functions": {"_Backend.start": {"executed_lines": [], "summary": {"covered_lines": 0, "num_statements": 0, "percent_covered": 100.0, "percent_covered_display": "100", "missing_lines": 0, "excluded_lines": 0, "percent_statements_covered": 100.0, "percent_statements_covered_display": "100"}, "missing_lines": [], "excluded_lines": [], "start_line": 67}, "_Backend.stop": {"executed_lines": [], "summary": {"covered_lines": 0, "num_statements": 0, "percent_covered": 100.0, "percent_covered_display": "100", "missing_lines": 0, "excluded_lines": 0, "percent_statements_covered": 100.0, "percent_statements_covered_display": "100"}, "missing_lines": [], "excluded_lines": [], "start_line": 70}, "_SigrtminBackend.__init__": {"executed_lines": [86], "summary": {"covered_lines": 1, "num_statements": 1, "percent_covered": 100.0, "percent_covered_display": "100", "missing_lines": 0, "excluded_lines": 0, "percent_statements_covered": 100.0, "percent_statements_covered_display": "100"}, "missing_lines": [], "excluded_lines": [], "start_line": 85}, "_SigrtminBackend.start": {"executed_lines": [89], "summary": {"covered_lines": 1, "num_statements": 1, "percent_covered": 100.0, "percent_covered_display": "100", "missing_lines": 0, "excluded_lines": 0, "percent_statements_covered": 100.0, "percent_statements_covered_display": "100"}, "missing_lines": [], "excluded_lines": [], "start_line": 88}, "_SigrtminBackend.stop": {"executed_lines": [92], "summary": {"covered_lines": 1, "num_statements": 1, "percent_covered": 100.0, "percent_covered_display": "100", "missing_lines": 0, "excluded_lines": 0, "percent_statements_covered": 100.0, "percent_statements_covered_display": "100"}, "missing_lines": [], "excluded_lines": [], "start_line": 91}, "_KdeBackend.__init__": {"executed_lines": [101, 102, 103], "summary": {"covered_lines": 3, "num_statements": 3, "percent_covered": 100.0, "percent_covered_display": "100", "missing_lines": 0, "excluded_lines": 0, "percent_statements_covered": 100.0, "percent_statements_covered_display": "100"}, "missing_lines": [], "excluded_lines": [], "start_line": 100}, "_KdeBackend.start": {"executed_lines": [106, 107, 144, 145, 146], "summary": {"covered_lines": 5, "num_statements": 24, "percent_covered": 20.833333333333332, "percent_covered_display": "21", "missing_lines": 19, "excluded_lines": 0, "percent_statements_covered": 20.833333333333332, "percent_statements_covered_display": "21"}, "missing_lines": [108, 109, 111, 112, 116, 121, 12
[...]
issing_lines": [], "excluded_lines": [], "start_line": 363}, "TransitionPicker._update_duration_visibility": {"executed_lines": [373], "summary": {"covered_lines": 1, "num_statements": 1, "percent_covered": 100.0, "percent_covered_display": "100", "missing_lines": 0, "excluded_lines": 0, "percent_statements_covered": 100.0, "percent_statements_covered_display": "100"}, "missing_lines": [], "excluded_lines": [], "start_line": 371}, "TransitionPicker._render_preview": {"executed_lines": [], "summary": {"covered_lines": 0, "num_statements": 41, "percent_covered": 0.0, "percent_covered_display": "0", "missing_lines": 41, "excluded_lines": 0, "percent_statements_covered": 0.0, "percent_statements_covered_display": "0"}, "missing_lines": [386, 387, 388, 390, 391, 393, 394, 395, 398, 399, 400, 401, 402, 403, 404, 405, 408, 409, 410, 411, 414, 415, 418, 419, 420, 421, 422, 423, 424, 425, 426, 427, 428, 429, 432, 433, 434, 435, 440, 442, 443], "excluded_lines": [], "start_line": 379}, "": {"executed_lines": [27, 29, 30, 31, 33, 34, 35, 48, 50, 57, 58, 61, 62, 63, 64, 65, 66, 67, 68, 71, 122, 131, 133, 164, 183, 323, 348, 355, 363, 371, 379], "summary": {"covered_lines": 31, "num_statements": 31, "percent_covered": 100.0, "percent_covered_display": "100", "missing_lines": 0, "excluded_lines": 0, "percent_statements_covered": 100.0, "percent_statements_covered_display": "100"}, "missing_lines": [], "excluded_lines": [], "start_line": 1}}, "classes": {"_TransitionDef": {"executed_lines": [], "summary": {"covered_lines": 0, "num_statements": 0, "percent_covered": 100.0, "percent_covered_display": "100", "missing_lines": 0, "excluded_lines": 0, "percent_statements_covered": 100.0, "percent_statements_covered_display": "100"}, "missing_lines": [], "excluded_lines": [], "start_line": 58}, "TransitionPicker": {"executed_lines": [134, 135, 136, 137, 138, 141, 142, 143, 144, 147, 148, 149, 150, 153, 156, 158, 171, 177, 185, 186, 187, 190, 191, 192, 195, 196, 197, 198, 201, 202, 205, 206, 208, 209, 210, 212, 213, 214, 232, 233, 234, 235, 236, 237, 238, 240, 243, 244, 247, 248, 249, 250, 251, 254, 255, 256, 257, 259, 260, 261, 263, 264, 265, 266, 267, 268, 269, 270, 272, 273, 275, 278, 279, 280, 281, 284, 285, 286, 287, 290, 291, 294, 295, 296, 297, 299, 301, 302, 305, 306, 308, 309, 310, 312, 313, 314, 315, 317, 325, 328, 329, 330, 333, 336, 337, 341, 342, 345, 350, 352, 357, 358, 359, 360, 361, 365, 373], "summary": {"covered_lines": 117, "num_statements": 161, "percent_covered": 72.67080745341615, "percent_covered_display": "73", "missing_lines": 44, "excluded_lines": 0, "percent_statements_covered": 72.67080745341615, "percent_statements_covered_display": "73"}, "missing_lines": [326, 346, 353, 386, 387, 388, 390, 391, 393, 394, 395, 398, 399, 400, 401, 402, 403, 404, 405, 408, 409, 410, 411, 414, 415, 418, 419, 420, 421, 422, 423, 424, 425, 426, 427, 428, 429, 432, 433, 434, 435, 440, 442, 443], "excluded_lines": [], "start_line": 122}, "": {"executed_lines": [27, 29, 30, 31, 33, 34, 35, 48, 50, 57, 58, 61, 62, 63, 64, 65, 66, 67, 68, 71, 122, 131, 133, 164, 183, 323, 348, 355, 363, 371, 379], "summary": {"covered_lines": 31, "num_statements": 31, "percent_covered": 100.0, "percent_covered_display": "100", "missing_lines": 0, "excluded_lines": 0, "percent_statements_covered": 100.0, "percent_statements_covered_display": "100"}, "missing_lines": [], "excluded_lines": [], "start_line": 1}}}, "src/moment/utils/__init__.py": {"executed_lines": [], "summary": {"covered_lines": 0, "num_statements": 0, "percent_covered": 100.0, "percent_covered_display": "100", "missing_lines": 0, "excluded_lines": 0, "percent_statements_covered": 100.0, "percent_statements_covered_display": "100"}, "missing_lines": [], "excluded_lines": [], "functions": {"": {"executed_lines": [], "summary": {"covered_lines": 0, "num_statements": 0, "percent_covered": 100.0, "percent_covered_display": "100", "missing_lines": 0, "excluded_lines": 0, "percent_statements_covered": 100.0, "percent_statements_covered_display": "100"}, "missing_lines": [], "excluded_lines": [], "start_line": 1}}, "classes": {"": {"executed_lines": [], "summary": {"covered_lines": 0, "num_statements": 0, "percent_covered": 100.0, "percent_covered_display": "100", "missing_lines": 0, "excluded_lines": 0, "percent_statements_covered": 100.0, "percent_statements_covered_display": "100"}, "missing_lines": [], "excluded_lines": [], "start_line": 1}}}, "src/moment/utils/ffmpeg.py": {"executed_lines": [6, 8, 9, 10, 11, 12, 13, 15, 18, 19, 26, 45, 48, 51, 69, 70, 72, 73, 76, 77, 82, 86, 90, 91, 92, 95, 102, 103, 107, 108, 128, 133, 134, 135, 136, 137, 138, 142, 153, 160, 161, 162, 164, 168, 169, 170, 175, 185, 189, 196, 197, 198, 199, 200, 201, 202, 203, 204, 207, 214, 215, 216, 217, 218, 219, 222, 225, 237, 238, 246, 248, 253, 254, 256, 257, 258, 259, 262, 271, 272, 273, 276, 287, 288, 297, 299, 302, 303, 306, 313, 314, 315, 316, 317, 318, 319], "summary": {"covered_lines": 96, "num_statements": 127, "percent_covered": 75.59055118110236, "percent_covered_display": "76", "missing_lines": 31, "excluded_lines": 0, "percent_statements_covered": 75.59055118110236, "percent_statements_covered_display": "76"}, "missing_lines": [79, 83, 87, 88, 109, 110, 113, 114, 117, 118, 119, 120, 121, 122, 123, 124, 125, 139, 144, 145, 146, 147, 148, 149, 150, 163, 171, 172, 182, 220, 221], "excluded_lines": [], "functions": {"detect_best_encoder": {"executed_lines": [69, 70, 72, 73, 76, 77, 82, 86, 90, 91, 92], "summary": {"covered_lines": 11, "num_statements": 15, "percent_covered": 73.33333333333333, "percent_covered_display": "73", "missing_lines": 4, "excluded_lines": 0, "percent_statements_covered": 73.33333333333333, "percent_statements_covered_display": "73"}, "missing_lines": [79, 83, 87, 88], "excluded_lines": [], "start_line": 51}, "_detect_vendor": {"executed_lines": [102, 103, 107, 108], "summary": {"covered_lines": 4, "num_statements": 17, "percent_covered": 23.529411764705884, "percent_covered_display": "24", "missing_lines": 13, "excluded_lines": 0, "percent_statements_covered": 23.529411764705884, "percent_statements_covered_display": "24"}, "missing_lines": [109, 110, 113, 114, 117, 118, 119, 120, 121, 122, 123, 124, 125], "excluded_lines": [], "start_line": 95}, "_probe_vendor_encoders": {"executed_lines": [133, 134, 135, 136, 137, 138], "summary": {"covered_lines": 6, "num_statements": 7, "percent_covered": 85.71428571428571, "percent_covered_display": "86", "missing_lines": 1, "excluded_lines": 0, "percent_statements_covered": 85.71428571428571, "percent_statements_covered_display": "86"}, "missing_lines": [139], "excluded_lines": [], "start_line": 128}, "_probe_all_encoders": {"executed_lines": [], "summary": {"covered_lines": 0, "num_statements": 7, "percent_covered": 0.0, "percent_covered_display": "0", "missing_lines": 7, "excluded_lines": 0, "percent_statements_covered": 0.0, "percent_statements_covered_display": "0"}, "missing_lines": [144, 145, 146, 147, 148, 149, 150], "excluded_lines": [], "start_line": 142}, "_encoder_works": {"executed_lines": [160, 161, 162, 164, 168, 169, 170], "summary": {"covered_lines": 7, "num_statements": 10, "percent_covered": 70.0, "percent_covered_display": "70", "missing_lines": 3, "excluded_lines": 0, "percent_statements_covered": 70.0, "percent_statements_covered_display": "70"}, "missing_lines": [163, 171, 172], "excluded_lines": [], "start_line": 153}, "reset_best_encoder": {"executed_lines": [], "summary": {"covered_lines": 0, "num_statements": 1, "percent_covered": 0.0, "percent_covered_display": "0", "missing_lines": 1, "excluded_lines": 0, "percent_statements_covered": 0.0, "percent_statements_covered_display": "0"}, "missing_lines": [182], "excluded_lines": [], "start_line": 175}, "find_ffmpeg": {"executed_lines": [196, 197, 198, 199, 200, 201, 202, 203, 204], "summary": {"covered_lines": 9, "num_statements": 9, "percent_covered": 100.0, "percent_covered_display": "100", "missing_lines": 0, "excluded_lines": 0, "percent_statements_covered": 100.0, "percent_statements_covered_display": "100"}, "missing_lines": [], "excluded_lines": [], "start_line": 189}, "find_ffprobe": {"executed_lines": [214, 215, 216, 217, 218, 219, 222], "summary": {"covered_lines": 7, "num_statements": 9, "percent_covered": 77.77777777777777, "percent_covered_display": "78", "missing_lines": 2, "excluded_lines": 0, "percent_statements_covered": 77.77777777777777, "percent_statements_covered_display": "78"}, "missing_lines": [220, 221], "excluded_lines": [], "start_line": 207}, "probe": {"executed_lines": [237, 238, 246, 248, 253, 254, 256, 257, 258, 259], "summary": {"covered_lines": 10, "num_statements": 10, "percent_covered": 100.0, "percent_covered_display": "100", "missing_lines": 0, "excluded_lines": 0, "percent_statements_covered": 100.0, "percent_statements_covered_display": "100"}, "missing_lines": [], "excluded_lines": [], "start_line": 225}, "encode": {"executed_lines": [271, 272, 273], "summary": {"covered_lines": 3, "num_statements": 3, "percent_covered": 100.0, "percent_covered_display": "100", "missing_lines": 0, "excluded_lines": 0, "percent_statements_covered": 100.0, "percent_statements_covered_display": "100"}, "missing_lines": [], "excluded_lines": [], "start_line": 262}, "thumbnail": {"executed_lines": [287, 288, 297, 299, 302, 303], "summary": {"covered_lines": 6, "num_statements": 6, "percent_covered": 100.0, "percent_covered_display": "100", "missing_lines": 0, "excluded_lines": 0, "percent_statements_covered": 100.0, "percent_statements_covered_display": "100"}, "missing_lines": [], "excluded_lines": [], "start_line": 276}, "parse_fps": {"executed_lines": [313, 314, 315, 316, 317, 318, 319], "summary": {"covered_lines": 7, "num_statements": 7, "percent_covered": 100.0, "percent_covered_display": "100", "missing_lines": 0, "excluded_lines": 0, "percent_statements_covered": 100.0, "percent_statements_covered_display": "100"}, "missing_lines": [], "excluded_lines": [], "start_line": 306}, "": {"executed_lines": [6, 8, 9, 10, 11, 12, 13, 15, 18, 19, 26, 45, 48, 51, 95, 128, 142, 153, 175, 185, 189, 207, 225, 262, 276, 306], "summary": {"covered_lines": 26, "num_statements": 26, "percent_covered": 100.0, "percent_covered_display": "100", "missing_lines": 0, "excluded_lines": 0, "percent_statements_covered": 100.0, "percent_statements_covered_display": "100"}, "missing_lines": [], "excluded_lines": [], "start_line": 1}}, "classes": {"FFmpegError": {"executed_lines": [], "summary": {"covered_lines": 0, "num_statements": 0, "percent_covered": 100.0, "percent_covered_display": "100", "missing_lines": 0, "excluded_lines": 0, "percent_statements_covered": 100.0, "percent_statements_covered_display": "100"}, "missing_lines": [], "excluded_lines": [], "start_line": 185}, "": {"executed_lines": [6, 8, 9, 10, 11, 12, 13, 15, 18, 19, 26, 45, 48, 51, 69, 70, 72, 73, 76, 77, 82, 86, 90, 91, 92, 95, 102, 103, 107, 108, 128, 133, 134, 135, 136, 137, 138, 142, 153, 160, 161, 162, 164, 168, 169, 170, 175, 185, 189, 196, 197, 198, 199, 200, 201, 202, 203, 204, 207, 214, 215, 216, 217, 218, 219, 222, 225, 237, 238, 246, 248, 253, 254, 256, 257, 258, 259, 262, 271, 272, 273, 276, 287, 288, 297, 299, 302, 303, 306, 313, 314, 315, 316, 317, 318, 319], "summary": {"covered_lines": 96, "num_statements": 127, "percent_covered": 75.59055118110236, "percent_covered_display": "76", "missing_lines": 31, "excluded_lines": 0, "percent_statements_covered": 75.59055118110236, "percent_statements_covered_display": "76"}, "missing_lines": [79, 83, 87, 88, 109, 110, 113, 114, 117, 118, 119, 120, 121, 122, 123, 124, 125, 139, 144, 145, 146, 147, 148, 149, 150, 163, 171, 172, 182, 220, 221], "excluded_lines": [], "start_line": 1}}}, "src/moment/utils/logging.py": {"executed_lines": [6, 8, 9, 10, 11, 12, 17, 18, 19, 20, 22, 25, 26, 29, 35, 37, 38, 40, 43, 58, 59, 60, 62, 63, 66, 68, 74, 79, 80, 81, 84, 85, 86, 87, 89], "summary": {"covered_lines": 35, "num_statements": 37, "percent_covered": 94.5945945945946, "percent_covered_display": "95", "missing_lines": 2, "excluded_lines": 2, "percent_statements_covered": 94.5945945945946, "percent_statements_covered_display": "95"}, "missing_lines": [32, 39], "excluded_lines": [14, 15], "functions": {"_get_config": {"executed_lines": [26], "summary": {"covered_lines": 1, "num_statements": 1, "percent_covered": 100.0, "percent_covered_display": "100", "missing_lines": 0, "excluded_lines": 0, "percent_statements_covered": 100.0, "percent_statements_covered_display": "100"}, "missing_lines": [], "excluded_lines": [], "start_line": 25}, "set_log_config": {"executed_lines": [], "summary": {"covered_lines": 0, "num_statements": 1, "percent_covered": 0.0, "percent_covered_display": "0", "missing_lines": 1, "excluded_lines": 0, "percent_statements_covered": 0.0, "percent_statements_covered_display": "0"}, "missing_lines": [32], "excluded_lines": [], "start_line": 29}, "get_log_dir": {"executed_lines": [37, 38, 40], "summary": {"covered_lines": 3, "num_statements": 4, "percent_covered": 75.0, "percent_covered_display": "75", "missing_lines": 1, "excluded_lines": 0, "percent_statements_covered": 75.0, "percent_statements_covered_display": "75"}, "missing_lines": [39], "excluded_lines": [], "start_line": 35}, "setup_logging": {"executed_lines": [58, 59, 60, 62, 63, 66, 68, 74, 79, 80, 81, 84, 85, 86, 87, 89], "summary": {"covered_lines": 16, "num_statements": 16, "percent_covered": 100.0, "percent_covered_display": "100", "missing_lines": 0, "excluded_lines": 0, "percent_statements_covered": 100.0, "percent_statements_covered_display": "100"}, "missing_lines": [], "excluded_lines": [], "start_line": 43}, "": {"executed_lines": [6, 8, 9, 10, 11, 12, 17, 18, 19, 20, 22, 25, 29, 35, 43], "summary": {"covered_lines": 15, "num_statements": 15, "percent_covered": 100.0, "percent_covered_display": "100", "missing_lines": 0, "excluded_lines": 2, "percent_statements_covered": 100.0, "percent_statements_covered_display": "100"}, "missing_lines": [], "excluded_lines": [14, 15], "start_line": 1}}, "classes": {"": {"executed_lines": [6, 8, 9, 10, 11, 12, 17, 18, 19, 20, 22, 25, 26, 29, 35, 37, 38, 40, 43, 58, 59, 60, 62, 63, 66, 68, 74, 79, 80, 81, 84, 85, 86, 87, 89], "summary": {"covered_lines": 35, "num_statements": 37, "percent_covered": 94.5945945945946, "percent_covered_display": "95", "missing_lines": 2, "excluded_lines": 2, "percent_statements_covered": 94.5945945945946, "percent_statements_covered_display": "95"}, "missing_lines": [32, 39], "excluded_lines": [14, 15], "start_line": 1}}}, "src/moment/utils/system.py": {"executed_lines": [6, 8, 9, 10, 11, 12, 13, 15, 18, 19, 20, 23, 32, 33, 36, 45, 46, 47, 50, 59, 60, 62, 63, 64, 65, 66, 67, 72, 79, 80, 81, 83, 84, 85, 87, 88, 93, 97, 98, 101, 120, 121, 122, 123, 126, 129, 141, 143, 145, 147, 149, 152, 161, 164, 166, 167, 168, 169, 171, 172, 183, 185, 186, 187, 188, 189], "summary": {"covered_lines": 66, "num_statements": 78, "percent_covered": 84.61538461538461, "percent_covered_display": "85", "missing_lines": 12, "excluded_lines": 0, "percent_statements_covered": 84.61538461538461, "percent_statements_covered_display": "85"}, "missing_lines": [69, 94, 95, 173, 174, 177, 178, 179, 180, 190, 191, 192], "excluded_lines": [], "functions": {"disk_usage": {"executed_lines": [32, 33], "summary": {"covered_lines": 2, "num_statements": 2, "percent_covered": 100.0, "percent_covered_display": "100", "missing_lines": 0, "excluded_lines": 0, "percent_statements_covered": 100.0, "percent_statements_covered_display": "100"}, "missing_lines": [], "excluded_lines": [], "start_line": 23}, "ensure_dir": {"executed_lines": [45, 46, 47], "summary": {"covered_lines": 3, "num_statements": 3, "percent_covered": 100.0, "percent_covered_display": "100", "missing_lines": 0, "excluded_lines": 0, "percent_statements_covered": 100.0, "percent_statements_covered_display": "100"}, "missing_lines": [], "excluded_lines": [], "start_line": 36}, "human_size": {"executed_lines": [59, 60, 62, 63, 64, 65, 66, 67], "summary": {"covered_lines": 8, "num_statements": 9, "percent_covered": 88.88888888888889, "percent_covered_display": "89", "missing_lines": 1, "excluded_lines": 0, "percent_statements_covered": 88.88888888888889, "percent_statements_covered_display": "89"}, "missing_lines": [69], "excluded_lines": [], "start_line": 50}, "is_nvidia_gpu": {"executed_lines": [79, 80, 81, 83, 84, 85, 87, 88, 93, 97, 98], "summary": {"covered_lines": 11, "num_statements": 13, "percent_covered": 84.61538461538461, "percent_covered_display": "85", "missing_lines": 2, "excluded_lines": 0, "percent_statements_covered": 84.61538461538461, "percent_statements_covered_display": "85"}, "missing_lines": [94, 95], "excluded_lines": [], "start_line": 72}, "validate_arg": {"executed_lines": [120, 121, 122, 123, 126], "summary": {"covered_lines": 5, "num_statements": 5, "percent_covered": 100.0, "percent_covered_display": "100", "missing_lines": 0, "excluded_lines": 0, "percent_statements_covered": 100.0, "percent_statements_covered_display": "100"}, "missing_lines": [], "excluded_lines": [], "start_line": 101}, "sanitize_stem": {"executed_lines": [141, 143, 145, 147, 149], "summary": {"covered_lines": 5, "num_statements": 5, "percent_covered": 100.0, "percent_covered_display": "100", "missing_lines": 0, "excluded_lines": 0, "percent_statements_covered": 100.0, "percent_statements_covered_display": "100"}, "missing_lines": [], "excluded_lines": [], "start_line": 129}, "find_binary": {"executed_lines": [161], "summary": {"covered_lines": 1, "num_statements": 1, "percent_covered": 100.0, "percent_covered_display": "100", "missing_lines": 0, "excluded_lines": 0, "percent_statements_covered": 100.0, "percent_statements_covered_display": "100"}, "missing_lines": [], "excluded_lines": [], "start_line": 152}, "get_local_ip": {"executed_lines": [166, 167, 168, 169, 171, 172], "summary": {"covered_lines": 6, "num_statements": 12, "percent_covered": 50.0, "percent_covered_display": "50", "missing_lines": 6, "excluded_lines": 0, "percent_statements_covered": 50.0, "percent_statements_covered_display": "50"}, "missing_lines": [173, 174, 177, 178, 179, 180], "excluded_lines": [], "start_line": 164}, "get_os_name": {"executed_lines": [185, 186, 187, 188, 189], "summary": {"covered_lines": 5, "num_statements": 8, "percent_covered": 62.5, "percent_covered_display": "62", "missing_lines": 3, "excluded_lines": 0, "percent_statements_covered": 62.5, "percent_statements_covered_display": "62"}, "missing_lines": [190, 191, 192], "excluded_lines": [], "start_line": 183}, "": {"executed_lines": [6, 8, 9, 10, 11, 12, 13, 15, 18, 19, 20, 23, 36, 50, 72, 101, 129, 152, 164, 183], "summary": {"covered_lines": 20, "num_statements": 20, "percent_covered": 100.0, "percent_covered_display": "100", "missing_lines": 0, "excluded_lines": 0, "percent_statements_covered": 100.0, "percent_statements_covered_display": "100"}, "missing_lines": [], "excluded_lines": [], "start_line": 1}}, "classes": {"": {"executed_lines": [6, 8, 9, 10, 11, 12, 13, 15, 18, 19, 20, 23, 32, 33, 36, 45, 46, 47, 50, 59, 60, 62, 63, 64, 65, 66, 67, 72, 79, 80, 81, 83, 84, 85, 87, 88, 93, 97, 98, 101, 120, 121, 122, 123, 126, 129, 141, 143, 145, 147, 149, 152, 161, 164, 166, 167, 168, 169, 171, 172, 183, 185, 186, 187, 188, 189], "summary": {"covered_lines": 66, "num_statements": 78, "percent_covered": 84.61538461538461, "percent_covered_display": "85", "missing_lines": 12, "excluded_lines": 0, "percent_statements_covered": 84.61538461538461, "percent_statements_covered_display": "85"}, "missing_lines": [69, 94, 95, 173, 174, 177, 178, 179, 180, 190, 191, 192], "excluded_lines": [], "start_line": 1}}}}, "totals": {"covered_lines": 4185, "num_statements": 9920, "percent_covered": 42.1875, "percent_covered_display": "42", "missing_lines": 5735, "excluded_lines": 40, "percent_statements_covered": 42.1875, "percent_statements_covered_display": "42"}}